8712-INFO-E:\Side Projects\Brean\Crawler\urls.py changed, reloading.
7348-INFO-E:\Side Projects\Brean\Crawler\views.py changed, reloading.
5128-INFO-E:\Side Projects\Brean\Crawler\views.py changed, reloading.
680-INFO-E:\Side Projects\Brean\Brean\urls.py changed, reloading.
2056-INFO-E:\Side Projects\Brean\Crawler\urls.py changed, reloading.
3716-INFO-E:\Side Projects\Brean\Crawler\urls.py changed, reloading.
5684-WARNING-Not Found: /crawler/viper
5684-INFO-E:\Side Projects\Brean\Brean\urls.py changed, reloading.
3820-ERROR-Error occured while putting the values in the database
3820-ERROR-Error occured while putting the values in the database
3820-ERROR-Error occured while putting the values in the database
3820-ERROR-Error occured while putting the values in the database
3820-ERROR-Error occured while putting the values in the database
3820-ERROR-Error occured while putting the values in the database
3820-ERROR-Error occured while putting the values in the database
3820-ERROR-Error occured while putting the values in the database
3820-ERROR-Internal Server Error: /crawler/viper
Traceback (most recent call last):
  File "E:\Side Projects\Brean\venv\lib\site-packages\django\core\handlers\exception.py", line 47, in inner
    response = get_response(request)
  File "E:\Side Projects\Brean\venv\lib\site-packages\django\core\handlers\base.py", line 181, in _get_response
    response = wrapped_callback(request, *callback_args, **callback_kwargs)
  File "E:\Side Projects\Brean\venv\lib\site-packages\django\views\generic\base.py", line 63, in view
    self = cls(**initkwargs)
  File "E:\Side Projects\Brean\Crawler\views.py", line 17, in __init__
    self.engine()
  File "E:\Side Projects\Brean\Crawler\views.py", line 61, in engine
    self.getting_links()
  File "E:\Side Projects\Brean\Crawler\views.py", line 44, in getting_links
    if 'https' in link.get('href'):
TypeError: argument of type 'NoneType' is not iterable
3820-WARNING-Not Found: /admin
3820-INFO-E:\Side Projects\Brean\Crawler\admin.py changed, reloading.
11504-INFO-E:\Side Projects\Brean\Crawler\admin.py changed, reloading.
11360-INFO-E:\Side Projects\Brean\Crawler\admin.py changed, reloading.
11568-INFO-E:\Side Projects\Brean\Crawler\admin.py changed, reloading.
9440-ERROR-Error occured while putting the values in the database
9440-ERROR-Error occured while putting the values in the database
9440-ERROR-Error occured while putting the values in the database
9440-ERROR-Error occured while putting the values in the database
9440-ERROR-Error occured while putting the values in the database
9440-ERROR-Error occured while putting the values in the database
9440-ERROR-Error occured while putting the values in the database
9440-ERROR-Error occured while putting the values in the database
9440-ERROR-Internal Server Error: /crawler/viper
Traceback (most recent call last):
  File "E:\Side Projects\Brean\venv\lib\site-packages\django\core\handlers\exception.py", line 47, in inner
    response = get_response(request)
  File "E:\Side Projects\Brean\venv\lib\site-packages\django\core\handlers\base.py", line 181, in _get_response
    response = wrapped_callback(request, *callback_args, **callback_kwargs)
  File "E:\Side Projects\Brean\venv\lib\site-packages\django\views\generic\base.py", line 63, in view
    self = cls(**initkwargs)
  File "E:\Side Projects\Brean\Crawler\views.py", line 17, in __init__
    self.engine()
  File "E:\Side Projects\Brean\Crawler\views.py", line 61, in engine
    self.getting_links()
  File "E:\Side Projects\Brean\Crawler\views.py", line 44, in getting_links
    if 'https' in link.get('href'):
TypeError: argument of type 'NoneType' is not iterable
8644-ERROR-Error occured while putting the values in the database
8644-ERROR-Error occured while putting the values in the database
8644-ERROR-Error occured while putting the values in the database
8644-ERROR-Error occured while putting the values in the database
8644-ERROR-Error occured while putting the values in the database
8644-ERROR-Error occured while putting the values in the database
8644-ERROR-Error occured while putting the values in the database
8644-ERROR-Error occured while putting the values in the database
8644-ERROR-Internal Server Error: /crawler/viper
Traceback (most recent call last):
  File "E:\Side Projects\Brean\venv\lib\site-packages\django\core\handlers\exception.py", line 47, in inner
    response = get_response(request)
  File "E:\Side Projects\Brean\venv\lib\site-packages\django\core\handlers\base.py", line 181, in _get_response
    response = wrapped_callback(request, *callback_args, **callback_kwargs)
  File "E:\Side Projects\Brean\venv\lib\site-packages\django\views\generic\base.py", line 63, in view
    self = cls(**initkwargs)
  File "E:\Side Projects\Brean\Crawler\views.py", line 17, in __init__
    self.engine()
  File "E:\Side Projects\Brean\Crawler\views.py", line 62, in engine
    self.getting_links()
  File "E:\Side Projects\Brean\Crawler\views.py", line 45, in getting_links
    if 'https' in link.get('href'):
TypeError: argument of type 'NoneType' is not iterable
8644-INFO-E:\Side Projects\Brean\Crawler\views.py changed, reloading.
6216-ERROR-Error occured while putting the values in the database
6216-ERROR-Error occured while putting the values in the database
6216-ERROR-Error occured while putting the values in the database
6216-ERROR-Error occured while putting the values in the database
6216-ERROR-Error occured while putting the values in the database
6216-ERROR-Error occured while putting the values in the database
6216-ERROR-Error occured while putting the values in the database
6216-ERROR-Error occured while putting the values in the database
6216-ERROR-Internal Server Error: /crawler/viper
Traceback (most recent call last):
  File "E:\Side Projects\Brean\venv\lib\site-packages\django\core\handlers\exception.py", line 47, in inner
    response = get_response(request)
  File "E:\Side Projects\Brean\venv\lib\site-packages\django\core\handlers\base.py", line 181, in _get_response
    response = wrapped_callback(request, *callback_args, **callback_kwargs)
  File "E:\Side Projects\Brean\venv\lib\site-packages\django\views\generic\base.py", line 63, in view
    self = cls(**initkwargs)
  File "E:\Side Projects\Brean\Crawler\views.py", line 17, in __init__
    self.engine()
  File "E:\Side Projects\Brean\Crawler\views.py", line 62, in engine
    self.getting_links()
  File "E:\Side Projects\Brean\Crawler\views.py", line 45, in getting_links
    if 'https' in link.get('href'):
TypeError: argument of type 'NoneType' is not iterable
6216-INFO-E:\Side Projects\Brean\Crawler\views.py changed, reloading.
10092-ERROR-Error occured while putting the values in the database
10092-ERROR-Error occured while putting the values in the database
10092-ERROR-Error occured while putting the values in the database
10092-ERROR-Error occured while putting the values in the database
10092-ERROR-Error occured while putting the values in the database
10092-ERROR-Error occured while putting the values in the database
10092-ERROR-Error occured while putting the values in the database
10092-ERROR-Error occured while putting the values in the database
10092-ERROR-Internal Server Error: /crawler/viper
Traceback (most recent call last):
  File "E:\Side Projects\Brean\venv\lib\site-packages\django\core\handlers\exception.py", line 47, in inner
    response = get_response(request)
  File "E:\Side Projects\Brean\venv\lib\site-packages\django\core\handlers\base.py", line 181, in _get_response
    response = wrapped_callback(request, *callback_args, **callback_kwargs)
  File "E:\Side Projects\Brean\venv\lib\site-packages\django\views\generic\base.py", line 63, in view
    self = cls(**initkwargs)
  File "E:\Side Projects\Brean\Crawler\views.py", line 17, in __init__
    self.engine()
  File "E:\Side Projects\Brean\Crawler\views.py", line 63, in engine
    self.getting_links()
  File "E:\Side Projects\Brean\Crawler\views.py", line 45, in getting_links
    if 'https' in link.get('href'):
TypeError: argument of type 'NoneType' is not iterable
10092-INFO-E:\Side Projects\Brean\Crawler\views.py changed, reloading.
2652-ERROR-Error occured while putting the values in the database
2652-ERROR-Error occured while putting the values in the database
2652-ERROR-Error occured while putting the values in the database
2652-ERROR-Error occured while putting the values in the database
2652-ERROR-Error occured while putting the values in the database
2652-ERROR-Error occured while putting the values in the database
2652-ERROR-Error occured while putting the values in the database
2652-ERROR-Error occured while putting the values in the database
2652-ERROR-Internal Server Error: /crawler/viper
Traceback (most recent call last):
  File "E:\Side Projects\Brean\venv\lib\site-packages\django\core\handlers\exception.py", line 47, in inner
    response = get_response(request)
  File "E:\Side Projects\Brean\venv\lib\site-packages\django\core\handlers\base.py", line 181, in _get_response
    response = wrapped_callback(request, *callback_args, **callback_kwargs)
  File "E:\Side Projects\Brean\venv\lib\site-packages\django\views\generic\base.py", line 63, in view
    self = cls(**initkwargs)
  File "E:\Side Projects\Brean\Crawler\views.py", line 17, in __init__
    self.engine()
  File "E:\Side Projects\Brean\Crawler\views.py", line 64, in engine
    self.getting_links()
  File "E:\Side Projects\Brean\Crawler\views.py", line 46, in getting_links
    if 'https' in link.get('href'):
TypeError: argument of type 'NoneType' is not iterable
2652-INFO-E:\Side Projects\Brean\Crawler\views.py changed, reloading.
11188-ERROR-Error in finding the data on the web page https://docs.djangoproject.com/en/4.1/
11188-ERROR-Error occured while putting the values in the database
11188-ERROR-Error in finding the data on the web page https://www.djangoproject.com/
11188-ERROR-Error occured while putting the values in the database
11188-ERROR-Error in finding the data on the web page https://www.djangoproject.com/start/overview/
11188-ERROR-Error occured while putting the values in the database
11188-ERROR-Error in finding the data on the web page https://www.djangoproject.com/download/
11188-ERROR-Error occured while putting the values in the database
11188-ERROR-Error in finding the data on the web page https://docs.djangoproject.com/
11188-ERROR-Error occured while putting the values in the database
11188-ERROR-Error in finding the data on the web page https://www.djangoproject.com/weblog/
11188-ERROR-Error occured while putting the values in the database
11188-ERROR-Error in finding the data on the web page https://www.djangoproject.com/community/
11188-ERROR-Error occured while putting the values in the database
11188-ERROR-Error occured while putting the values in the database
11188-ERROR-Internal Server Error: /crawler/viper
Traceback (most recent call last):
  File "E:\Side Projects\Brean\venv\lib\site-packages\django\core\handlers\exception.py", line 47, in inner
    response = get_response(request)
  File "E:\Side Projects\Brean\venv\lib\site-packages\django\core\handlers\base.py", line 181, in _get_response
    response = wrapped_callback(request, *callback_args, **callback_kwargs)
  File "E:\Side Projects\Brean\venv\lib\site-packages\django\views\generic\base.py", line 63, in view
    self = cls(**initkwargs)
  File "E:\Side Projects\Brean\Crawler\views.py", line 17, in __init__
    self.engine()
  File "E:\Side Projects\Brean\Crawler\views.py", line 64, in engine
    self.getting_links()
  File "E:\Side Projects\Brean\Crawler\views.py", line 46, in getting_links
    if 'https' in link.get('href'):
TypeError: argument of type 'NoneType' is not iterable
11188-INFO-E:\Side Projects\Brean\Crawler\views.py changed, reloading.
9108-ERROR-Error occured while putting the values in the database
9108-ERROR-Error occured while putting the values in the database
9108-ERROR-Error occured while putting the values in the database
9108-ERROR-Error occured while putting the values in the database
9108-ERROR-Error occured while putting the values in the database
9108-ERROR-Error occured while putting the values in the database
9108-ERROR-Error occured while putting the values in the database
9108-ERROR-Error occured while putting the values in the database
9108-ERROR-Internal Server Error: /crawler/viper
Traceback (most recent call last):
  File "E:\Side Projects\Brean\venv\lib\site-packages\django\core\handlers\exception.py", line 47, in inner
    response = get_response(request)
  File "E:\Side Projects\Brean\venv\lib\site-packages\django\core\handlers\base.py", line 181, in _get_response
    response = wrapped_callback(request, *callback_args, **callback_kwargs)
  File "E:\Side Projects\Brean\venv\lib\site-packages\django\views\generic\base.py", line 63, in view
    self = cls(**initkwargs)
  File "E:\Side Projects\Brean\Crawler\views.py", line 17, in __init__
    self.engine()
  File "E:\Side Projects\Brean\Crawler\views.py", line 64, in engine
    self.getting_links()
  File "E:\Side Projects\Brean\Crawler\views.py", line 46, in getting_links
    if 'https' in link.get('href'):
TypeError: argument of type 'NoneType' is not iterable
9108-INFO-E:\Side Projects\Brean\Crawler\views.py changed, reloading.
10288-INFO-E:\Side Projects\Brean\Crawler\models.py changed, reloading.
9576-INFO-E:\Side Projects\Brean\Crawler\models.py changed, reloading.
6776-INFO-E:\Side Projects\Brean\Crawler\models.py changed, reloading.
6004-INFO-E:\Side Projects\Brean\Crawler\models.py changed, reloading.
3976-ERROR-Error occured while putting the values in the database
3976-ERROR-Error occured while putting the values in the database
3976-ERROR-Error occured while putting the values in the database
3976-ERROR-Error occured while putting the values in the database
3976-ERROR-Error occured while putting the values in the database
3976-ERROR-Error occured while putting the values in the database
3976-ERROR-Error occured while putting the values in the database
3976-ERROR-Error occured while putting the values in the database
3976-ERROR-Internal Server Error: /crawler/viper
Traceback (most recent call last):
  File "E:\Side Projects\Brean\venv\lib\site-packages\django\core\handlers\exception.py", line 47, in inner
    response = get_response(request)
  File "E:\Side Projects\Brean\venv\lib\site-packages\django\core\handlers\base.py", line 181, in _get_response
    response = wrapped_callback(request, *callback_args, **callback_kwargs)
  File "E:\Side Projects\Brean\venv\lib\site-packages\django\views\generic\base.py", line 63, in view
    self = cls(**initkwargs)
  File "E:\Side Projects\Brean\Crawler\views.py", line 17, in __init__
    self.engine()
  File "E:\Side Projects\Brean\Crawler\views.py", line 64, in engine
    self.getting_links()
  File "E:\Side Projects\Brean\Crawler\views.py", line 46, in getting_links
    if 'https' in link.get('href'):
TypeError: argument of type 'NoneType' is not iterable
3976-INFO-E:\Side Projects\Brean\Crawler\models.py changed, reloading.
11632-INFO-E:\Side Projects\Brean\Crawler\views.py changed, reloading.
6776-ERROR-Error in finding the data on the web page https://docs.djangoproject.com/en/4.1/
6776-ERROR-Error occured while putting the values in the database
6776-ERROR-Error in finding the data on the web page https://www.djangoproject.com/
6776-ERROR-Error occured while putting the values in the database
6776-ERROR-Error in finding the data on the web page https://www.djangoproject.com/start/overview/
6776-ERROR-Error occured while putting the values in the database
6776-ERROR-Error in finding the data on the web page https://www.djangoproject.com/download/
6776-ERROR-Error occured while putting the values in the database
6776-ERROR-Error in finding the data on the web page https://docs.djangoproject.com/
6776-ERROR-Error occured while putting the values in the database
6776-ERROR-Error in finding the data on the web page https://www.djangoproject.com/weblog/
6776-ERROR-Error occured while putting the values in the database
6776-ERROR-Error in finding the data on the web page https://www.djangoproject.com/community/
6776-ERROR-Error occured while putting the values in the database
6776-ERROR-Error in finding the data on the web page https://github.com/django/django
6776-ERROR-Error occured while putting the values in the database
6776-ERROR-Internal Server Error: /crawler/viper
Traceback (most recent call last):
  File "E:\Side Projects\Brean\venv\lib\site-packages\django\core\handlers\exception.py", line 47, in inner
    response = get_response(request)
  File "E:\Side Projects\Brean\venv\lib\site-packages\django\core\handlers\base.py", line 181, in _get_response
    response = wrapped_callback(request, *callback_args, **callback_kwargs)
  File "E:\Side Projects\Brean\venv\lib\site-packages\django\views\generic\base.py", line 63, in view
    self = cls(**initkwargs)
  File "E:\Side Projects\Brean\Crawler\views.py", line 17, in __init__
    self.engine()
  File "E:\Side Projects\Brean\Crawler\views.py", line 66, in engine
    self.getting_links()
  File "E:\Side Projects\Brean\Crawler\views.py", line 48, in getting_links
    if 'https' in link.get('href'):
TypeError: argument of type 'NoneType' is not iterable
6776-INFO-E:\Side Projects\Brean\Crawler\views.py changed, reloading.
11592-INFO-E:\Side Projects\Brean\Crawler\views.py changed, reloading.
11856-ERROR-Error occured while putting the values in the database
11856-ERROR-Error occured while putting the values in the database
11856-ERROR-Error occured while putting the values in the database
11856-ERROR-Error occured while putting the values in the database
11856-ERROR-Error occured while putting the values in the database
11856-ERROR-Internal Server Error: /crawler/viper
Traceback (most recent call last):
  File "E:\Side Projects\Brean\venv\lib\site-packages\django\core\handlers\exception.py", line 47, in inner
    response = get_response(request)
  File "E:\Side Projects\Brean\venv\lib\site-packages\django\core\handlers\base.py", line 181, in _get_response
    response = wrapped_callback(request, *callback_args, **callback_kwargs)
  File "E:\Side Projects\Brean\venv\lib\site-packages\django\views\generic\base.py", line 63, in view
    self = cls(**initkwargs)
  File "E:\Side Projects\Brean\Crawler\views.py", line 17, in __init__
    self.engine()
  File "E:\Side Projects\Brean\Crawler\views.py", line 63, in engine
    self.getting_links()
  File "E:\Side Projects\Brean\Crawler\views.py", line 46, in getting_links
    if 'https' in link.get('href'):
TypeError: argument of type 'NoneType' is not iterable
11856-INFO-E:\Side Projects\Brean\Crawler\views.py changed, reloading.
11076-ERROR-Error occured while putting the values in the database
11076-ERROR-Error occured while putting the values in the database
11076-ERROR-Error occured while putting the values in the database
11076-ERROR-Error occured while putting the values in the database
11076-ERROR-Error occured while putting the values in the database
11076-ERROR-Internal Server Error: /crawler/viper
Traceback (most recent call last):
  File "E:\Side Projects\Brean\venv\lib\site-packages\django\core\handlers\exception.py", line 47, in inner
    response = get_response(request)
  File "E:\Side Projects\Brean\venv\lib\site-packages\django\core\handlers\base.py", line 181, in _get_response
    response = wrapped_callback(request, *callback_args, **callback_kwargs)
  File "E:\Side Projects\Brean\venv\lib\site-packages\django\views\generic\base.py", line 63, in view
    self = cls(**initkwargs)
  File "E:\Side Projects\Brean\Crawler\views.py", line 17, in __init__
    self.engine()
  File "E:\Side Projects\Brean\Crawler\views.py", line 63, in engine
    self.getting_links()
  File "E:\Side Projects\Brean\Crawler\views.py", line 46, in getting_links
    if 'http' in link.get('href'):
TypeError: argument of type 'NoneType' is not iterable
11076-INFO-E:\Side Projects\Brean\Crawler\views.py changed, reloading.
6004-ERROR-Error occured while putting the values in the database
6004-ERROR-Error occured while putting the values in the database
6004-ERROR-Error occured while putting the values in the database
6004-ERROR-Error occured while putting the values in the database
6004-ERROR-Error occured while putting the values in the database
6004-ERROR-Internal Server Error: /crawler/viper
Traceback (most recent call last):
  File "E:\Side Projects\Brean\venv\lib\site-packages\django\core\handlers\exception.py", line 47, in inner
    response = get_response(request)
  File "E:\Side Projects\Brean\venv\lib\site-packages\django\core\handlers\base.py", line 181, in _get_response
    response = wrapped_callback(request, *callback_args, **callback_kwargs)
  File "E:\Side Projects\Brean\venv\lib\site-packages\django\views\generic\base.py", line 63, in view
    self = cls(**initkwargs)
  File "E:\Side Projects\Brean\Crawler\views.py", line 17, in __init__
    self.engine()
  File "E:\Side Projects\Brean\Crawler\views.py", line 65, in engine
    self.getting_links()
  File "E:\Side Projects\Brean\Crawler\views.py", line 46, in getting_links
    if 'http' in link.get('href'):
TypeError: argument of type 'NoneType' is not iterable
6004-INFO-E:\Side Projects\Brean\Crawler\views.py changed, reloading.
6216-ERROR-Error occured while putting the values in the database
6216-ERROR-Error occured while putting the values in the database
6216-ERROR-Error occured while putting the values in the database
6216-ERROR-Error occured while putting the values in the database
6216-ERROR-Error occured while putting the values in the database
6216-ERROR-Internal Server Error: /crawler/viper
Traceback (most recent call last):
  File "E:\Side Projects\Brean\venv\lib\site-packages\django\core\handlers\exception.py", line 47, in inner
    response = get_response(request)
  File "E:\Side Projects\Brean\venv\lib\site-packages\django\core\handlers\base.py", line 181, in _get_response
    response = wrapped_callback(request, *callback_args, **callback_kwargs)
  File "E:\Side Projects\Brean\venv\lib\site-packages\django\views\generic\base.py", line 63, in view
    self = cls(**initkwargs)
  File "E:\Side Projects\Brean\Crawler\views.py", line 17, in __init__
    self.engine()
  File "E:\Side Projects\Brean\Crawler\views.py", line 65, in engine
    self.getting_links()
  File "E:\Side Projects\Brean\Crawler\views.py", line 46, in getting_links
    if 'http' in link.get('href'):
TypeError: argument of type 'NoneType' is not iterable
6216-INFO-E:\Side Projects\Brean\Crawler\views.py changed, reloading.
1796-INFO-E:\Side Projects\Brean\Crawler\views.py changed, reloading.
6452-ERROR-Error occured while putting the values in the database
6452-ERROR-Error occured while putting the values in the database
6452-ERROR-Error occured while putting the values in the database
6452-ERROR-Error occured while putting the values in the database
6452-ERROR-Error occured while putting the values in the database
6452-ERROR-Error occured while putting the values in the database
6452-ERROR-Error occured while putting the values in the database
6452-ERROR-Error occured while putting the values in the database
6452-ERROR-Error occured while putting the values in the database
6452-ERROR-Error occured while putting the values in the database
6452-ERROR-Error occured while putting the values in the database
10132-ERROR-Error occured while putting the values in the database
10132-ERROR-Error occured while putting the values in the database
10132-ERROR-Error occured while putting the values in the database
10132-ERROR-Error occured while putting the values in the database
10132-ERROR-Error occured while putting the values in the database
10132-ERROR-Error occured while putting the values in the database
10132-ERROR-Error occured while putting the values in the database
10132-ERROR-Error occured while putting the values in the database
10132-ERROR-Error occured while putting the values in the database
10132-ERROR-Error occured while putting the values in the database
10132-ERROR-Error occured while putting the values in the database
10132-ERROR-Error occured while putting the values in the database
10132-ERROR-Error occured while putting the values in the database
10132-ERROR-Error occured while putting the values in the database
10132-ERROR-Error occured while putting the values in the database
10132-ERROR-Error occured while putting the values in the database
10132-ERROR-Error occured while putting the values in the database
10132-ERROR-Error occured while putting the values in the database
10132-ERROR-Error occured while putting the values in the database
10132-ERROR-Error occured while putting the values in the database
10132-ERROR-Error occured while putting the values in the database
10132-ERROR-Error occured while putting the values in the database
10132-ERROR-Error occured while putting the values in the database
10132-ERROR-Error occured while putting the values in the database
10132-ERROR-Error occured while putting the values in the database
10132-ERROR-Error occured while putting the values in the database
10132-ERROR-Error occured while putting the values in the database
10132-ERROR-Error occured while putting the values in the database
10132-ERROR-Error occured while putting the values in the database
10132-ERROR-Error occured while putting the values in the database
10132-ERROR-Error occured while putting the values in the database
10132-ERROR-Error occured while putting the values in the database
10132-ERROR-Error occured while putting the values in the database
10132-ERROR-Error occured while putting the values in the database
10132-ERROR-Error occured while putting the values in the database
10132-ERROR-Error occured while putting the values in the database
10132-ERROR-Error occured while putting the values in the database
10132-ERROR-Error occured while putting the values in the database
10132-ERROR-Error occured while putting the values in the database
10132-ERROR-Error occured while putting the values in the database
10132-ERROR-Error occured while putting the values in the database
10132-ERROR-Error occured while putting the values in the database
10132-ERROR-Error occured while putting the values in the database
10132-ERROR-Error occured while putting the values in the database
10132-ERROR-Error occured while putting the values in the database
10132-ERROR-Error occured while putting the values in the database
10132-ERROR-Error occured while putting the values in the database
10132-ERROR-Error occured while putting the values in the database
10132-ERROR-Error occured while putting the values in the database
10132-ERROR-Error occured while putting the values in the database
10132-ERROR-Error occured while putting the values in the database
10132-ERROR-Error occured while putting the values in the database
10132-ERROR-Error occured while putting the values in the database
10132-ERROR-Error occured while putting the values in the database
10132-ERROR-Error occured while putting the values in the database
10132-ERROR-Error occured while putting the values in the database
10132-ERROR-Error occured while putting the values in the database
10132-ERROR-Error occured while putting the values in the database
10132-ERROR-Error occured while putting the values in the database
10132-ERROR-Error occured while putting the values in the database
10132-ERROR-Error occured while putting the values in the database
10132-ERROR-Error occured while putting the values in the database
10132-ERROR-Error occured while putting the values in the database
10132-ERROR-Error occured while putting the values in the database
10132-ERROR-Error occured while putting the values in the database
10132-ERROR-Error occured while putting the values in the database
10680-ERROR-Internal Server Error: /crawler/viper
Traceback (most recent call last):
  File "E:\Side Projects\Brean\venv\lib\site-packages\django\core\handlers\exception.py", line 47, in inner
    response = get_response(request)
  File "E:\Side Projects\Brean\venv\lib\site-packages\django\core\handlers\base.py", line 181, in _get_response
    response = wrapped_callback(request, *callback_args, **callback_kwargs)
  File "E:\Side Projects\Brean\venv\lib\site-packages\django\views\generic\base.py", line 63, in view
    self = cls(**initkwargs)
  File "E:\Side Projects\Brean\Crawler\views.py", line 17, in __init__
    self.engine()
  File "E:\Side Projects\Brean\Crawler\views.py", line 65, in engine
    print(meta_description["content"])
TypeError: 'NoneType' object is not subscriptable
8284-ERROR-Error in finding the data on the web page https://google.com
8284-ERROR-Error occured while putting the values in the database
8284-ERROR-Error in finding the data on the web page https://www.google.com.pk/imghp?hl=en&tab=wi
8284-ERROR-Error occured while putting the values in the database
8284-ERROR-Error in finding the data on the web page https://play.google.com/?hl=en&tab=w8
8284-ERROR-Error occured while putting the values in the database
8284-ERROR-Error occured while putting the values in the database
8284-ERROR-Error in finding the data on the web page https://news.google.com/?tab=wn
8284-ERROR-Error occured while putting the values in the database
8284-ERROR-Error in finding the data on the web page https://mail.google.com/mail/?tab=wm
8284-ERROR-Error occured while putting the values in the database
8284-ERROR-Error in finding the data on the web page https://drive.google.com/?tab=wo
8284-ERROR-Error occured while putting the values in the database
8284-ERROR-Error in finding the data on the web page https://calendar.google.com/calendar?tab=wc
8284-ERROR-Error occured while putting the values in the database
8284-ERROR-Error in finding the data on the web page https://www.google.com.pk/intl/en/about/products?tab=wh
8284-ERROR-Error occured while putting the values in the database
8284-ERROR-Error in finding the data on the web page http://www.google.com.pk/history/optout?hl=en
8284-ERROR-Error occured while putting the values in the database
8284-ERROR-Error in finding the data on the web page https://google.com/preferences?hl=en
8284-ERROR-Error occured while putting the values in the database
8284-ERROR-Error in finding the data on the web page https://accounts.google.com/ServiceLogin?hl=en&passive=true&continue=https://www.google.com/&ec=GAZAAQ
8284-ERROR-Error occured while putting the values in the database
8284-ERROR-Error in finding the data on the web page https://google.com/advanced_search?hl=en-PK&authuser=0
8284-ERROR-Error occured while putting the values in the database
8284-ERROR-Error in finding the data on the web page https://www.google.com/setprefs?sig=0_nkDLRlNWBENuq8XmiBoObCr_DCo%3D&hl=ur&source=homepage&sa=X&ved=0ahUKEwjtlJ700I37AhWRcGwGHdtYATwQ2ZgBCAU
8284-ERROR-Error occured while putting the values in the database
8284-ERROR-Error in finding the data on the web page https://www.google.com/setprefs?sig=0_nkDLRlNWBENuq8XmiBoObCr_DCo%3D&hl=ps&source=homepage&sa=X&ved=0ahUKEwjtlJ700I37AhWRcGwGHdtYATwQ2ZgBCAY
8284-ERROR-Error occured while putting the values in the database
8284-ERROR-Error in finding the data on the web page https://www.google.com/setprefs?sig=0_nkDLRlNWBENuq8XmiBoObCr_DCo%3D&hl=sd&source=homepage&sa=X&ved=0ahUKEwjtlJ700I37AhWRcGwGHdtYATwQ2ZgBCAc
8284-ERROR-Error occured while putting the values in the database
8284-ERROR-Error in finding the data on the web page https://google.com/intl/en/ads/
8284-ERROR-Error occured while putting the values in the database
8284-ERROR-Error in finding the data on the web page https://google.com/intl/en/about.html
8284-ERROR-Error occured while putting the values in the database
8284-ERROR-Error in finding the data on the web page https://www.google.com/setprefdomain?prefdom=PK&prev=https://www.google.com.pk/&sig=K_HaAFE2yzWySPvJgEIJF-BTtv1LA%3D
8284-ERROR-Error occured while putting the values in the database
8284-ERROR-Error in finding the data on the web page https://google.com/intl/en/policies/privacy/
8284-ERROR-Error occured while putting the values in the database
8284-ERROR-Error in finding the data on the web page https://google.com/intl/en/policies/terms/
8284-ERROR-Error occured while putting the values in the database
8284-ERROR-Error in finding the data on the web page https://www.google.com.pk/webhp?tab=iw
8284-ERROR-Error occured while putting the values in the database
8284-ERROR-Error in finding the data on the web page https://play.google.com/?hl=en&tab=i8
8284-ERROR-Error occured while putting the values in the database
8284-ERROR-Error occured while putting the values in the database
8284-ERROR-Error in finding the data on the web page https://news.google.com/?tab=in
8284-ERROR-Error occured while putting the values in the database
8284-ERROR-Error in finding the data on the web page https://mail.google.com/mail/?tab=im
8284-ERROR-Error occured while putting the values in the database
8284-ERROR-Error in finding the data on the web page https://drive.google.com/?tab=io
8284-ERROR-Error occured while putting the values in the database
8284-ERROR-Error in finding the data on the web page https://calendar.google.com/calendar?tab=ic
8284-ERROR-Error occured while putting the values in the database
8284-ERROR-Error in finding the data on the web page https://www.google.com.pk/intl/en/about/products?tab=ih
8284-ERROR-Error occured while putting the values in the database
8284-ERROR-Error in finding the data on the web page http://www.google.com.pk/history/optout?hl=en
8284-ERROR-Error occured while putting the values in the database
8284-ERROR-Error in finding the data on the web page https://www.google.com.pk/imghp?hl=en&tab=wi/preferences?hl=en
8284-ERROR-Error occured while putting the values in the database
8284-ERROR-Error in finding the data on the web page https://accounts.google.com/ServiceLogin?hl=en&passive=true&continue=https://www.google.com.pk/imghp%3Fhl%3Den%26tab%3Dwi&ec=GAZAAg
8284-ERROR-Error occured while putting the values in the database
8284-ERROR-Error in finding the data on the web page https://www.google.com.pk/imghp?hl=en&tab=wi/advanced_image_search?hl=en-PK&authuser=0
8284-ERROR-Error occured while putting the values in the database
8284-ERROR-Error in finding the data on the web page https://www.google.com.pk/imghp?hl=en&tab=wi/intl/en/ads/
8284-ERROR-Error occured while putting the values in the database
8284-ERROR-Error in finding the data on the web page https://www.google.com.pk/imghp?hl=en&tab=wi/intl/en/about.html
8284-ERROR-Error occured while putting the values in the database
8284-ERROR-Error in finding the data on the web page https://www.google.com.pk/imghp?hl=en&tab=wi/intl/en/policies/privacy/
8284-ERROR-Error occured while putting the values in the database
8284-ERROR-Error in finding the data on the web page https://www.google.com.pk/imghp?hl=en&tab=wi/intl/en/policies/terms/
8284-ERROR-Error occured while putting the values in the database
8284-ERROR-Error in finding the data on the web page https://play.google.com/?hl=en&tab=w8/store/games
8284-ERROR-Error occured while putting the values in the database
8284-ERROR-Error in finding the data on the web page https://policies.google.com/privacy
8284-ERROR-Error occured while putting the values in the database
8284-ERROR-Error in finding the data on the web page https://myaccount.google.com/termsofservice
8284-ERROR-Error occured while putting the values in the database
8284-ERROR-Error in finding the data on the web page https://play.google.com/?hl=en&tab=w8/store/games
8284-ERROR-Error occured while putting the values in the database
8284-ERROR-Error in finding the data on the web page https://play.google.com/?hl=en&tab=w8/store/apps
8284-ERROR-Error occured while putting the values in the database
9684-ERROR-Error in finding the data on the web page https://www.programiz.com/python-programming/methods/list/remove
9684-ERROR-Error occured while putting the values in the database
9684-ERROR-Error in finding the data on the web page https://www.programiz.com/python-programming/methods/list/remove/
9684-ERROR-Error occured while putting the values in the database
9684-ERROR-Error in finding the data on the web page https://www.programiz.com/python-programming/methods/list/remove#
9684-ERROR-Error occured while putting the values in the database
9684-ERROR-Error in finding the data on the web page https://www.programiz.com/python-programming/methods/list/remove#
9684-ERROR-Error occured while putting the values in the database
9684-ERROR-Error in finding the data on the web page https://www.programiz.com/python-programming/methods/list/removejavascript:void(0);
9684-ERROR-Error occured while putting the values in the database
9684-ERROR-Error in finding the data on the web page https://www.programiz.com/python-programming/methods/list/removejavascript:void(0);
9684-ERROR-Error occured while putting the values in the database
9684-ERROR-Error in finding the data on the web page https://www.programiz.com/python-programming/methods/list/removejavascript:void(0);
9684-ERROR-Error occured while putting the values in the database
9684-ERROR-Error in finding the data on the web page https://www.programiz.com/python-programming/methods/list/removejavascript:void(0);
9684-ERROR-Error occured while putting the values in the database
9684-ERROR-Error in finding the data on the web page https://www.programiz.com/python-programming/methods/list/removejavascript:void(0);
9684-ERROR-Error occured while putting the values in the database
9684-ERROR-Error in finding the data on the web page https://www.programiz.com/python-programming/methods/list/removejavascript:void(0);
9684-ERROR-Error occured while putting the values in the database
9684-ERROR-Error in finding the data on the web page https://www.programiz.com/python-programming/methods/list/removejavascript:void(0);
9684-ERROR-Error occured while putting the values in the database
9684-ERROR-Error in finding the data on the web page https://www.programiz.com/python-programming/methods/list/removejavascript:void(0);
9684-ERROR-Error occured while putting the values in the database
9684-ERROR-Error in finding the data on the web page https://www.programiz.com/python-programming/methods/list/removejavascript:void(0);
9684-ERROR-Error occured while putting the values in the database
9684-ERROR-Error in finding the data on the web page https://www.programiz.com/python-programming/methods/list/removejavascript:void(0);
9684-ERROR-Error occured while putting the values in the database
9684-ERROR-Error in finding the data on the web page https://www.programiz.com/python-programming/methods/list/removejavascript:void(0);
9684-ERROR-Error occured while putting the values in the database
9684-INFO-E:\Side Projects\Brean\Crawler\views.py changed, reloading.
7052-ERROR-Error in finding the data on the web page https://www.programiz.com/python-programming/methods/list/remove
7052-ERROR-Error occured while putting the values in the database
7052-ERROR-Error in finding the data on the web page https://www.programiz.com/python-programming/methods/list/remove/
7052-ERROR-Error occured while putting the values in the database
7052-ERROR-Error in finding the data on the web page https://www.programiz.com/python-programming/methods/list/remove#
7052-ERROR-Error occured while putting the values in the database
7052-ERROR-Error in finding the data on the web page https://www.programiz.com/python-programming/methods/list/remove#
7052-ERROR-Error occured while putting the values in the database
7052-ERROR-Error in finding the data on the web page https://www.programiz.com/python-programming/methods/list/removejavascript:void(0);
7052-ERROR-Error occured while putting the values in the database
7052-ERROR-Error in finding the data on the web page https://www.programiz.com/python-programming/methods/list/removejavascript:void(0);
7052-ERROR-Error occured while putting the values in the database
7052-ERROR-Error in finding the data on the web page https://www.programiz.com/python-programming/methods/list/removejavascript:void(0);
7052-ERROR-Error occured while putting the values in the database
7052-ERROR-Error in finding the data on the web page https://www.programiz.com/python-programming/methods/list/removejavascript:void(0);
7052-ERROR-Error occured while putting the values in the database
7052-ERROR-Error in finding the data on the web page https://www.programiz.com/python-programming/methods/list/removejavascript:void(0);
7052-ERROR-Error occured while putting the values in the database
7052-ERROR-Error in finding the data on the web page https://www.programiz.com/python-programming/methods/list/removejavascript:void(0);
7052-ERROR-Error occured while putting the values in the database
7052-ERROR-Error in finding the data on the web page https://www.programiz.com/python-programming/methods/list/removejavascript:void(0);
7052-ERROR-Error occured while putting the values in the database
7052-ERROR-Error in finding the data on the web page https://www.programiz.com/python-programming/methods/list/removejavascript:void(0);
7052-ERROR-Error occured while putting the values in the database
7052-ERROR-Error in finding the data on the web page https://www.programiz.com/python-programming/methods/list/removejavascript:void(0);
7052-ERROR-Error occured while putting the values in the database
7052-ERROR-Error in finding the data on the web page https://www.programiz.com/python-programming/methods/list/removejavascript:void(0);
7052-ERROR-Error occured while putting the values in the database
7052-ERROR-Error in finding the data on the web page https://www.programiz.com/python-programming/methods/list/removejavascript:void(0);
7052-ERROR-Error occured while putting the values in the database
7052-ERROR-Error in finding the data on the web page https://www.programiz.com/python-programming/methods/list/remove/python-programming/first-program
7052-ERROR-Error occured while putting the values in the database
7560-INFO-E:\Side Projects\Brean\Crawler\views.py changed, reloading.
11756-ERROR-Error in finding the data on the web page https://www.programiz.com/python-programming/methods/list/remove
11756-ERROR-Error occured while putting the values in the database
11756-ERROR-Error in finding the data on the web page https://www.programiz.com/python-programming/methods/list/remove/
11756-ERROR-Error occured while putting the values in the database
11756-ERROR-Error in finding the data on the web page https://www.programiz.com/python-programming/methods/list/remove#
11756-ERROR-Error occured while putting the values in the database
11756-ERROR-Error in finding the data on the web page https://www.programiz.com/python-programming/methods/list/remove#
11756-ERROR-Error occured while putting the values in the database
11756-ERROR-Error in finding the data on the web page https://www.programiz.com/python-programming/methods/list/removejavascript:void(0);
11756-ERROR-Error occured while putting the values in the database
11756-ERROR-Error in finding the data on the web page https://www.programiz.com/python-programming/methods/list/removejavascript:void(0);
11756-ERROR-Error occured while putting the values in the database
11756-ERROR-Error in finding the data on the web page https://www.programiz.com/python-programming/methods/list/removejavascript:void(0);
11756-ERROR-Error occured while putting the values in the database
11756-ERROR-Error in finding the data on the web page https://www.programiz.com/python-programming/methods/list/removejavascript:void(0);
11756-ERROR-Error occured while putting the values in the database
11756-ERROR-Error in finding the data on the web page https://www.programiz.com/python-programming/methods/list/removejavascript:void(0);
11756-ERROR-Error occured while putting the values in the database
11756-ERROR-Error in finding the data on the web page https://www.programiz.com/python-programming/methods/list/removejavascript:void(0);
11756-ERROR-Error occured while putting the values in the database
11756-ERROR-Error in finding the data on the web page https://www.programiz.com/python-programming/methods/list/removejavascript:void(0);
11756-ERROR-Error occured while putting the values in the database
11756-ERROR-Error in finding the data on the web page https://www.programiz.com/python-programming/methods/list/removejavascript:void(0);
11756-ERROR-Error occured while putting the values in the database
11756-ERROR-Error in finding the data on the web page https://www.programiz.com/python-programming/methods/list/removejavascript:void(0);
11756-ERROR-Error occured while putting the values in the database
11756-ERROR-Error in finding the data on the web page https://www.programiz.com/python-programming/methods/list/removejavascript:void(0);
11756-ERROR-Error occured while putting the values in the database
11756-ERROR-Error in finding the data on the web page https://www.programiz.com/python-programming/methods/list/removejavascript:void(0);
11756-ERROR-Error occured while putting the values in the database
11756-ERROR-Error in finding the data on the web page https://www.programiz.com/python-programming/methods/list/remove/python-programming/first-program
11756-ERROR-Error occured while putting the values in the database
11756-ERROR-Error in finding the data on the web page https://www.programiz.com/python-programming/methods/list/remove/python-programming/if-elif-else
11756-ERROR-Error occured while putting the values in the database
11756-ERROR-Error in finding the data on the web page https://www.programiz.com/python-programming/methods/list/remove/python-programming/while-loop
11756-ERROR-Error occured while putting the values in the database
11756-ERROR-Error in finding the data on the web page https://www.programiz.com/python-programming/methods/list/remove/python-programming/list
11756-ERROR-Error occured while putting the values in the database
11756-ERROR-Error in finding the data on the web page https://www.programiz.com/python-programming/methods/list/remove/python-programming/dictionary
11756-ERROR-Error occured while putting the values in the database
11756-ERROR-Error in finding the data on the web page https://www.programiz.com/python-programming/methods/list/remove/python-programming
11756-ERROR-Error occured while putting the values in the database
11756-ERROR-Error in finding the data on the web page https://www.programiz.com/python-programming/methods/list/remove/python-programming/examples/add-number
11756-ERROR-Error occured while putting the values in the database
11756-ERROR-Error in finding the data on the web page https://www.programiz.com/python-programming/methods/list/remove/python-programming/examples/prime-number
11756-ERROR-Error occured while putting the values in the database
11756-ERROR-Error in finding the data on the web page https://www.programiz.com/python-programming/methods/list/remove/python-programming/examples/factorial
11756-ERROR-Error occured while putting the values in the database
11756-ERROR-Error in finding the data on the web page https://www.programiz.com/python-programming/methods/list/remove/python-programming/examples/fibonacci-sequence
11756-ERROR-Error occured while putting the values in the database
11756-ERROR-Error in finding the data on the web page https://www.programiz.com/python-programming/methods/list/remove/python-programming/examples/leap-year
11756-ERROR-Error occured while putting the values in the database
11756-ERROR-Error in finding the data on the web page https://www.programiz.com/python-programming/methods/list/remove/python-programming/examples
11756-ERROR-Error occured while putting the values in the database
11756-ERROR-Error in finding the data on the web page https://www.programiz.com/python-programming/methods/list/remove/python-programming/methods/built-in
11756-ERROR-Error occured while putting the values in the database
11756-ERROR-Error in finding the data on the web page https://www.programiz.com/python-programming/methods/list/remove/python-programming/methods/list
11756-ERROR-Error occured while putting the values in the database
11756-ERROR-Error in finding the data on the web page https://www.programiz.com/python-programming/methods/list/remove/python-programming/methods/dictionary
11756-ERROR-Error occured while putting the values in the database
11756-ERROR-Error in finding the data on the web page https://www.programiz.com/python-programming/methods/list/remove/python-programming/methods/string
11756-ERROR-Error occured while putting the values in the database
11756-ERROR-Error in finding the data on the web page https://www.programiz.com/python-programming/methods/list/remove/python-programming/methods
11756-ERROR-Error occured while putting the values in the database
11756-ERROR-Error in finding the data on the web page https://www.programiz.com/python-programming/methods/list/removejavascript:void(0);
11756-ERROR-Error occured while putting the values in the database
11756-ERROR-Error in finding the data on the web page https://www.programiz.com/python-programming/methods/list/removejavascript:void(0);
11756-ERROR-Error occured while putting the values in the database
11756-ERROR-Error in finding the data on the web page https://www.programiz.com/python-programming/methods/list/removejavascript:void(0);
11756-ERROR-Error occured while putting the values in the database
11756-ERROR-Error in finding the data on the web page https://www.programiz.com/python-programming/methods/list/removejavascript:void(0);
11756-ERROR-Error occured while putting the values in the database
11756-ERROR-Error in finding the data on the web page https://www.programiz.com/python-programming/methods/list/removejavascript:void(0);
11756-ERROR-Error occured while putting the values in the database
11756-ERROR-Error in finding the data on the web page https://www.programiz.com/python-programming/methods/list/removejavascript:void(0);
11756-ERROR-Error occured while putting the values in the database
11756-ERROR-Error in finding the data on the web page https://www.programiz.com/python-programming/methods/list/removejavascript:void(0);
11756-ERROR-Error occured while putting the values in the database
11756-ERROR-Error in finding the data on the web page https://www.programiz.com/python-programming/methods/list/removejavascript:void(0);
11756-ERROR-Error occured while putting the values in the database
11756-ERROR-Error in finding the data on the web page https://www.programiz.com/python-programming/methods/list/removejavascript:void(0);
11756-ERROR-Error occured while putting the values in the database
11756-ERROR-Error in finding the data on the web page https://www.programiz.com/python-programming/methods/list/removejavascript:void(0);
11756-ERROR-Error occured while putting the values in the database
11756-ERROR-Error in finding the data on the web page https://www.programiz.com/python-programming/methods/list/removejavascript:void(0);
11756-ERROR-Error occured while putting the values in the database
11756-ERROR-Error in finding the data on the web page https://www.programiz.com/python-programming/methods/list/removejavascript:void(0);
11756-ERROR-Error occured while putting the values in the database
11756-ERROR-Error in finding the data on the web page https://www.programiz.com/python-programming/methods/list/remove/python-programming/first-program
11756-ERROR-Error occured while putting the values in the database
11756-ERROR-Error in finding the data on the web page https://www.programiz.com/python-programming/methods/list/remove/python-programming/if-elif-else
11756-ERROR-Error occured while putting the values in the database
11756-ERROR-Error in finding the data on the web page https://www.programiz.com/python-programming/methods/list/remove/python-programming/while-loop
11756-ERROR-Error occured while putting the values in the database
11756-ERROR-Error in finding the data on the web page https://www.programiz.com/python-programming/methods/list/remove/python-programming/list
11756-ERROR-Error occured while putting the values in the database
11756-ERROR-Error in finding the data on the web page https://www.programiz.com/python-programming/methods/list/remove/python-programming/dictionary
11756-ERROR-Error occured while putting the values in the database
11756-ERROR-Error in finding the data on the web page https://www.programiz.com/python-programming/methods/list/remove/python-programming
11756-ERROR-Error occured while putting the values in the database
11756-ERROR-Error in finding the data on the web page https://www.programiz.com/python-programming/methods/list/remove/python-programming
11756-ERROR-Error occured while putting the values in the database
11756-ERROR-Error in finding the data on the web page https://www.programiz.com/python-programming/methods/list/remove/python-programming/methods/built-in
11756-ERROR-Error occured while putting the values in the database
11756-ERROR-Error in finding the data on the web page https://www.programiz.com/python-programming/methods/list/remove/python-programming/methods/list
11756-ERROR-Error occured while putting the values in the database
11756-ERROR-Error in finding the data on the web page https://www.programiz.com/python-programming/methods/list/remove/python-programming/methods/dictionary
11756-ERROR-Error occured while putting the values in the database
11756-ERROR-Error in finding the data on the web page https://www.programiz.com/python-programming/methods/list/remove/python-programming/methods/string
11756-ERROR-Error occured while putting the values in the database
11756-ERROR-Error in finding the data on the web page https://www.programiz.com/python-programming/methods/list/remove/python-programming/methods
11756-ERROR-Error occured while putting the values in the database
11756-ERROR-Error in finding the data on the web page https://www.programiz.com/python-programming/methods/list/removejavascript:void(0);
11756-ERROR-Error occured while putting the values in the database
11756-ERROR-Error in finding the data on the web page https://www.programiz.com/python-programming/methods/list/removejavascript:void(0);
11756-ERROR-Error occured while putting the values in the database
11756-ERROR-Error in finding the data on the web page https://www.programiz.com/python-programming/methods/list/removejavascript:void(0);
11756-ERROR-Error occured while putting the values in the database
11756-ERROR-Error in finding the data on the web page https://www.programiz.com/python-programming/methods/list/removejavascript:void(0);
11756-ERROR-Error occured while putting the values in the database
11756-ERROR-Error in finding the data on the web page https://www.programiz.com/python-programming/methods/list/removejavascript:void(0);
11756-ERROR-Error occured while putting the values in the database
11756-ERROR-Error in finding the data on the web page https://www.programiz.com/python-programming/methods/list/removejavascript:void(0);
11756-ERROR-Error occured while putting the values in the database
11756-ERROR-Error in finding the data on the web page https://www.programiz.com/python-programming/methods/list/remove/python-programming/examples/add-number
11756-ERROR-Error occured while putting the values in the database
11756-ERROR-Error in finding the data on the web page https://www.programiz.com/python-programming/methods/list/remove/python-programming/examples/prime-number
11756-ERROR-Error occured while putting the values in the database
11756-ERROR-Error in finding the data on the web page https://www.programiz.com/python-programming/methods/list/remove/python-programming/examples/factorial
11756-ERROR-Error occured while putting the values in the database
11756-ERROR-Error in finding the data on the web page https://www.programiz.com/python-programming/methods/list/remove/python-programming/examples/fibonacci-sequence
11756-ERROR-Error occured while putting the values in the database
11756-ERROR-Error in finding the data on the web page https://www.programiz.com/python-programming/methods/list/remove/python-programming/examples/leap-year
11756-ERROR-Error occured while putting the values in the database
11756-ERROR-Error in finding the data on the web page https://www.programiz.com/python-programming/methods/list/remove/python-programming/examples
11756-ERROR-Error occured while putting the values in the database
11756-ERROR-Error in finding the data on the web page https://www.programiz.com/python-programming/methods/list/remove/python-programming/methods/list/index
11756-ERROR-Error occured while putting the values in the database
11756-ERROR-Error in finding the data on the web page https://www.programiz.com/python-programming/methods/list/remove/python-programming/methods/list/append
11756-ERROR-Error occured while putting the values in the database
11756-ERROR-Error in finding the data on the web page https://www.programiz.com/python-programming/methods/list/remove/python-programming/methods/list/extend
11756-ERROR-Error occured while putting the values in the database
11756-ERROR-Error in finding the data on the web page https://www.programiz.com/python-programming/methods/list/remove/python-programming/methods/list/insert
11756-ERROR-Error occured while putting the values in the database
11756-ERROR-Error in finding the data on the web page https://www.programiz.com/python-programming/methods/list/remove/python-programming/methods/list/remove
11756-ERROR-Error occured while putting the values in the database
11756-ERROR-Error in finding the data on the web page https://www.programiz.com/python-programming/methods/list/remove/python-programming/methods/list/count
11756-ERROR-Error occured while putting the values in the database
11756-ERROR-Error in finding the data on the web page https://www.programiz.com/python-programming/methods/list/remove/python-programming/methods/list/pop
11756-ERROR-Error occured while putting the values in the database
11756-ERROR-Error in finding the data on the web page https://www.programiz.com/python-programming/methods/list/remove/python-programming/methods/list/reverse
11756-ERROR-Error occured while putting the values in the database
11756-ERROR-Error in finding the data on the web page https://www.programiz.com/python-programming/methods/list/remove/python-programming/methods/list/sort
11756-ERROR-Error occured while putting the values in the database
11756-ERROR-Error in finding the data on the web page https://www.programiz.com/python-programming/methods/list/remove/python-programming/methods/list/copy
11756-ERROR-Error occured while putting the values in the database
11756-ERROR-Error in finding the data on the web page https://www.programiz.com/python-programming/methods/list/remove/python-programming/methods/list/clear
11756-ERROR-Error occured while putting the values in the database
11756-ERROR-Error in finding the data on the web page https://www.programiz.com/python-programming/methods/list/remove/python-programming/methods/list/append
11756-ERROR-Error occured while putting the values in the database
11756-ERROR-Error in finding the data on the web page https://www.programiz.com/python-programming/methods/list/remove/python-programming/methods/list/pop
11756-ERROR-Error occured while putting the values in the database
11756-ERROR-Error in finding the data on the web page https://www.programiz.com/python-programming/methods/list/remove/python-programming/methods/set/remove
11756-ERROR-Error occured while putting the values in the database
11756-ERROR-Error in finding the data on the web page https://www.programiz.com/python-programming/methods/list/remove/python-programming/methods/list/index
11756-ERROR-Error occured while putting the values in the database
11756-ERROR-Error in finding the data on the web page https://www.programiz.com/python-programming/methods/list/remove/python-programming/methods/list/clear
11756-ERROR-Error occured while putting the values in the database
11756-ERROR-Error in finding the data on the web page https://www.programiz.com/python-programming/methods/list/remove/python-programming/methods/list/insert
11756-ERROR-Error occured while putting the values in the database
11756-ERROR-Error in finding the data on the web page https://www.programiz.com/python-programming/methods/list/remove/python-programming/methods/list/pop
11756-ERROR-Error occured while putting the values in the database
11756-ERROR-Error in finding the data on the web page https://www.programiz.com/python-programming/methods/list/remove/python-programming/del
11756-ERROR-Error occured while putting the values in the database
11756-ERROR-Error in finding the data on the web page https://www.programiz.com/python-programming/methods/list/remove/python-programming/methods/list/insert
11756-ERROR-Error occured while putting the values in the database
11756-ERROR-Error in finding the data on the web page https://www.programiz.com/python-programming/methods/list/remove/python-programming/methods/list/count
11756-ERROR-Error occured while putting the values in the database
11756-ERROR-Error in finding the data on the web page https://www.facebook.com/sharer/sharer.php?u=https://www.programiz.com/python-programming/methods/list/remove
11756-ERROR-Error occured while putting the values in the database
11756-ERROR-Error in finding the data on the web page https://twitter.com/intent/tweet?text=Check%20this%20amazing%20article%20on%20Python%20List%20remove():%20&via=programiz&url=https://www.programiz.com/python-programming/methods/list/remove
11756-ERROR-Error occured while putting the values in the database
11756-ERROR-Error in finding the data on the web page https://api.whatsapp.com//send?text=Check+this+amazing+article+on+Python%20List%20remove():+https://www.programiz.com/python-programming/methods/list/remove
11756-ERROR-Error occured while putting the values in the database
11756-ERROR-Error in finding the data on the web page https://www.linkedin.com/sharing/share-offsite/?url=https://www.programiz.com/python-programming/methods/list/remove
11756-ERROR-Error occured while putting the values in the database
11756-ERROR-Error in finding the data on the web page https://www.programiz.com/python-programming/methods/list/remove/python-programming/methods/list/append
11756-ERROR-Error occured while putting the values in the database
11756-ERROR-Error in finding the data on the web page https://www.programiz.com/python-programming/methods/list/remove/python-programming/methods/list/pop
11756-ERROR-Error occured while putting the values in the database
11756-ERROR-Error in finding the data on the web page https://www.programiz.com/python-programming/methods/list/remove/python-programming/methods/list/index
11756-ERROR-Error occured while putting the values in the database
11756-ERROR-Error in finding the data on the web page https://www.programiz.com/python-programming/methods/list/remove/python-programming/methods/list/clear
11756-ERROR-Error occured while putting the values in the database
11756-ERROR-Error in finding the data on the web page https://play.google.com/store/apps/dev?id=8227237868464522664&referrer=utm_campaign%3Dprogramiz-footer%26utm_source%3Dprogramiz-website
11756-ERROR-Error occured while putting the values in the database
11756-ERROR-Error in finding the data on the web page https://www.programiz.com/python-programming/methods/list/remove/python-programming
11756-ERROR-Error occured while putting the values in the database
11756-ERROR-Error in finding the data on the web page https://www.programiz.com/python-programming/methods/list/remove/javascript
11756-ERROR-Error occured while putting the values in the database
11756-ERROR-Error in finding the data on the web page https://www.programiz.com/python-programming/methods/list/remove/sql
11756-ERROR-Error occured while putting the values in the database
11756-ERROR-Error in finding the data on the web page https://www.programiz.com/python-programming/methods/list/remove/c-programming
11756-ERROR-Error occured while putting the values in the database
11756-ERROR-Error in finding the data on the web page https://www.programiz.com/python-programming/methods/list/remove/java-programming
11756-ERROR-Error occured while putting the values in the database
11756-ERROR-Error in finding the data on the web page https://www.programiz.com/python-programming/methods/list/remove/kotlin-programming
11756-ERROR-Error occured while putting the values in the database
11756-ERROR-Error in finding the data on the web page https://www.programiz.com/python-programming/methods/list/remove/cpp-programming
11756-ERROR-Error occured while putting the values in the database
11756-ERROR-Error in finding the data on the web page https://www.programiz.com/python-programming/methods/list/remove/swift-programming
11756-ERROR-Error occured while putting the values in the database
11756-ERROR-Error in finding the data on the web page https://www.programiz.com/python-programming/methods/list/remove/csharp-programming
11756-ERROR-Error occured while putting the values in the database
11756-ERROR-Error in finding the data on the web page https://www.programiz.com/python-programming/methods/list/remove/golang
11756-ERROR-Error occured while putting the values in the database
11756-ERROR-Error in finding the data on the web page https://www.programiz.com/python-programming/methods/list/remove/dsa
11756-ERROR-Error occured while putting the values in the database
11756-ERROR-Error in finding the data on the web page https://www.programiz.com/python-programming/methods/list/remove/python-programming/examples
11756-ERROR-Error occured while putting the values in the database
11756-ERROR-Error in finding the data on the web page https://www.programiz.com/python-programming/methods/list/remove/javascript/examples
11756-ERROR-Error occured while putting the values in the database
11756-ERROR-Error in finding the data on the web page https://www.programiz.com/python-programming/methods/list/remove/c-programming/examples
11756-ERROR-Error occured while putting the values in the database
11756-ERROR-Error in finding the data on the web page https://www.programiz.com/python-programming/methods/list/remove/java-programming/examples
11756-ERROR-Error occured while putting the values in the database
11756-ERROR-Error in finding the data on the web page https://www.programiz.com/python-programming/methods/list/remove/kotlin-programming/examples
11756-ERROR-Error occured while putting the values in the database
11756-ERROR-Error in finding the data on the web page https://www.programiz.com/python-programming/methods/list/remove/cpp-programming/examples
11756-ERROR-Error occured while putting the values in the database
11756-ERROR-Error in finding the data on the web page https://www.programiz.com/python-programming/methods/list/remove//
11756-ERROR-Error occured while putting the values in the database
11756-ERROR-Error in finding the data on the web page https://www.programiz.com/python-programming/methods/list/remove/#
11756-ERROR-Error occured while putting the values in the database
11756-ERROR-Error in finding the data on the web page https://www.programiz.com/python-programming/methods/list/remove/#
11756-ERROR-Error occured while putting the values in the database
11756-ERROR-Error in finding the data on the web page https://www.programiz.com/python-programming/methods/list/remove/javascript:void(0);
11756-ERROR-Error occured while putting the values in the database
11756-ERROR-Error in finding the data on the web page https://www.programiz.com/python-programming/methods/list/remove/javascript:void(0);
11756-ERROR-Error occured while putting the values in the database
11756-ERROR-Error in finding the data on the web page https://www.programiz.com/python-programming/methods/list/remove/javascript:void(0);
11756-ERROR-Error occured while putting the values in the database
11756-ERROR-Error in finding the data on the web page https://www.programiz.com/python-programming/methods/list/remove/javascript:void(0);
11756-ERROR-Error occured while putting the values in the database
11756-ERROR-Error in finding the data on the web page https://www.programiz.com/python-programming/methods/list/remove/javascript:void(0);
11756-ERROR-Error occured while putting the values in the database
11756-ERROR-Error in finding the data on the web page https://www.programiz.com/python-programming/methods/list/remove/javascript:void(0);
11756-ERROR-Error occured while putting the values in the database
11756-ERROR-Error in finding the data on the web page https://www.programiz.com/python-programming/methods/list/remove/javascript:void(0);
11756-ERROR-Error occured while putting the values in the database
11756-ERROR-Error in finding the data on the web page https://www.programiz.com/python-programming/methods/list/remove/javascript:void(0);
11756-ERROR-Error occured while putting the values in the database
11756-ERROR-Error in finding the data on the web page https://www.programiz.com/python-programming/methods/list/remove/javascript:void(0);
11756-ERROR-Error occured while putting the values in the database
11756-ERROR-Error in finding the data on the web page https://www.programiz.com/python-programming/methods/list/remove/javascript:void(0);
11756-ERROR-Error occured while putting the values in the database
11756-ERROR-Error in finding the data on the web page https://www.programiz.com/python-programming/methods/list/remove/javascript:void(0);
11756-ERROR-Error occured while putting the values in the database
11756-ERROR-Error in finding the data on the web page https://www.programiz.com/python-programming/methods/list/remove//python-programming/first-program
11756-ERROR-Error occured while putting the values in the database
11756-ERROR-Error in finding the data on the web page https://www.programiz.com/python-programming/methods/list/remove//python-programming/if-elif-else
11756-ERROR-Error occured while putting the values in the database
11756-ERROR-Error in finding the data on the web page https://www.programiz.com/python-programming/methods/list/remove//python-programming/while-loop
11756-ERROR-Error occured while putting the values in the database
11756-ERROR-Error in finding the data on the web page https://www.programiz.com/python-programming/methods/list/remove//python-programming/list
11756-ERROR-Error occured while putting the values in the database
11756-ERROR-Error in finding the data on the web page https://www.programiz.com/python-programming/methods/list/remove//python-programming/dictionary
11756-ERROR-Error occured while putting the values in the database
11756-ERROR-Error in finding the data on the web page https://www.programiz.com/python-programming/methods/list/remove//python-programming
11756-ERROR-Error occured while putting the values in the database
11756-ERROR-Error in finding the data on the web page https://www.programiz.com/python-programming/methods/list/remove//python-programming/examples/add-number
11756-ERROR-Error occured while putting the values in the database
11756-ERROR-Error in finding the data on the web page https://www.programiz.com/python-programming/methods/list/remove//python-programming/examples/prime-number
11756-ERROR-Error occured while putting the values in the database
11756-ERROR-Error in finding the data on the web page https://www.programiz.com/python-programming/methods/list/remove//python-programming/examples/factorial
11756-ERROR-Error occured while putting the values in the database
11756-ERROR-Error in finding the data on the web page https://www.programiz.com/python-programming/methods/list/remove//python-programming/examples/fibonacci-sequence
11756-ERROR-Error occured while putting the values in the database
11756-ERROR-Error in finding the data on the web page https://www.programiz.com/python-programming/methods/list/remove//python-programming/examples/leap-year
11756-ERROR-Error occured while putting the values in the database
11756-ERROR-Error in finding the data on the web page https://www.programiz.com/python-programming/methods/list/remove//python-programming/examples
11756-ERROR-Error occured while putting the values in the database
11756-ERROR-Error in finding the data on the web page https://www.programiz.com/python-programming/methods/list/remove//python-programming/methods/built-in
11756-ERROR-Error occured while putting the values in the database
11756-ERROR-Error in finding the data on the web page https://www.programiz.com/python-programming/methods/list/remove//python-programming/methods/list
11756-ERROR-Error occured while putting the values in the database
11756-ERROR-Error in finding the data on the web page https://www.programiz.com/python-programming/methods/list/remove//python-programming/methods/dictionary
11756-ERROR-Error occured while putting the values in the database
11756-ERROR-Error in finding the data on the web page https://www.programiz.com/python-programming/methods/list/remove//python-programming/methods/string
11756-ERROR-Error occured while putting the values in the database
11756-ERROR-Error in finding the data on the web page https://www.programiz.com/python-programming/methods/list/remove//python-programming/methods
11756-ERROR-Error occured while putting the values in the database
11756-ERROR-Error in finding the data on the web page https://www.programiz.com/python-programming/methods/list/remove/javascript:void(0);
11756-ERROR-Error occured while putting the values in the database
11756-ERROR-Error in finding the data on the web page https://www.programiz.com/python-programming/methods/list/remove/javascript:void(0);
11756-ERROR-Error occured while putting the values in the database
11756-ERROR-Error in finding the data on the web page https://www.programiz.com/python-programming/methods/list/remove/javascript:void(0);
11756-ERROR-Error occured while putting the values in the database
11756-ERROR-Error in finding the data on the web page https://www.programiz.com/python-programming/methods/list/remove/javascript:void(0);
11756-ERROR-Error occured while putting the values in the database
11756-ERROR-Error in finding the data on the web page https://www.programiz.com/python-programming/methods/list/remove/javascript:void(0);
11756-ERROR-Error occured while putting the values in the database
11756-ERROR-Error in finding the data on the web page https://www.programiz.com/python-programming/methods/list/remove/javascript:void(0);
11756-ERROR-Error occured while putting the values in the database
11756-ERROR-Error in finding the data on the web page https://www.programiz.com/python-programming/methods/list/remove/javascript:void(0);
11756-ERROR-Error occured while putting the values in the database
11756-ERROR-Error in finding the data on the web page https://www.programiz.com/python-programming/methods/list/remove/javascript:void(0);
11756-ERROR-Error occured while putting the values in the database
11756-ERROR-Error in finding the data on the web page https://www.programiz.com/python-programming/methods/list/remove/javascript:void(0);
11756-ERROR-Error occured while putting the values in the database
11756-ERROR-Error in finding the data on the web page https://www.programiz.com/python-programming/methods/list/remove/javascript:void(0);
11756-ERROR-Error occured while putting the values in the database
11756-ERROR-Error in finding the data on the web page https://www.programiz.com/python-programming/methods/list/remove/javascript:void(0);
11756-ERROR-Error occured while putting the values in the database
11756-ERROR-Error in finding the data on the web page https://www.programiz.com/python-programming/methods/list/remove/javascript:void(0);
11756-ERROR-Error occured while putting the values in the database
11756-ERROR-Error in finding the data on the web page https://www.programiz.com/python-programming/methods/list/remove//python-programming/first-program
11756-ERROR-Error occured while putting the values in the database
11756-ERROR-Error in finding the data on the web page https://www.programiz.com/python-programming/methods/list/remove//python-programming/if-elif-else
11756-ERROR-Error occured while putting the values in the database
11756-ERROR-Error in finding the data on the web page https://www.programiz.com/python-programming/methods/list/remove//python-programming/while-loop
11756-ERROR-Error occured while putting the values in the database
11756-ERROR-Error in finding the data on the web page https://www.programiz.com/python-programming/methods/list/remove//python-programming/list
11756-ERROR-Error occured while putting the values in the database
11756-ERROR-Error in finding the data on the web page https://www.programiz.com/python-programming/methods/list/remove//python-programming/dictionary
11756-ERROR-Error occured while putting the values in the database
11756-ERROR-Error in finding the data on the web page https://www.programiz.com/python-programming/methods/list/remove//python-programming
11756-ERROR-Error occured while putting the values in the database
11756-ERROR-Error in finding the data on the web page https://www.programiz.com/python-programming/methods/list/remove//python-programming
11756-ERROR-Error occured while putting the values in the database
11756-ERROR-Error in finding the data on the web page https://www.programiz.com/python-programming/methods/list/remove//python-programming/methods/built-in
11756-ERROR-Error occured while putting the values in the database
11756-ERROR-Error in finding the data on the web page https://www.programiz.com/python-programming/methods/list/remove//python-programming/methods/list
11756-ERROR-Error occured while putting the values in the database
11756-ERROR-Error in finding the data on the web page https://www.programiz.com/python-programming/methods/list/remove//python-programming/methods/dictionary
11756-ERROR-Error occured while putting the values in the database
11756-ERROR-Error in finding the data on the web page https://www.programiz.com/python-programming/methods/list/remove//python-programming/methods/string
11756-ERROR-Error occured while putting the values in the database
11756-ERROR-Error in finding the data on the web page https://www.programiz.com/python-programming/methods/list/remove//python-programming/methods
11756-ERROR-Error occured while putting the values in the database
11756-ERROR-Error in finding the data on the web page https://www.programiz.com/python-programming/methods/list/remove/javascript:void(0);
11756-ERROR-Error occured while putting the values in the database
11756-ERROR-Error in finding the data on the web page https://www.programiz.com/python-programming/methods/list/remove/javascript:void(0);
11756-ERROR-Error occured while putting the values in the database
11756-ERROR-Error in finding the data on the web page https://www.programiz.com/python-programming/methods/list/remove/javascript:void(0);
11756-ERROR-Error occured while putting the values in the database
11756-ERROR-Error in finding the data on the web page https://www.programiz.com/python-programming/methods/list/remove/javascript:void(0);
11756-ERROR-Error occured while putting the values in the database
11756-ERROR-Error in finding the data on the web page https://www.programiz.com/python-programming/methods/list/remove/javascript:void(0);
11756-ERROR-Error occured while putting the values in the database
11756-ERROR-Error in finding the data on the web page https://www.programiz.com/python-programming/methods/list/remove/javascript:void(0);
11756-ERROR-Error occured while putting the values in the database
11756-ERROR-Error in finding the data on the web page https://www.programiz.com/python-programming/methods/list/remove//python-programming/examples/add-number
11756-ERROR-Error occured while putting the values in the database
11756-ERROR-Error in finding the data on the web page https://www.programiz.com/python-programming/methods/list/remove//python-programming/examples/prime-number
11756-ERROR-Error occured while putting the values in the database
11756-ERROR-Error in finding the data on the web page https://www.programiz.com/python-programming/methods/list/remove//python-programming/examples/factorial
11756-ERROR-Error occured while putting the values in the database
11756-ERROR-Error in finding the data on the web page https://www.programiz.com/python-programming/methods/list/remove//python-programming/examples/fibonacci-sequence
11756-ERROR-Error occured while putting the values in the database
11756-ERROR-Error in finding the data on the web page https://www.programiz.com/python-programming/methods/list/remove//python-programming/examples/leap-year
11756-ERROR-Error occured while putting the values in the database
11756-ERROR-Error in finding the data on the web page https://www.programiz.com/python-programming/methods/list/remove//python-programming/examples
11756-ERROR-Error occured while putting the values in the database
11756-ERROR-Error in finding the data on the web page https://www.programiz.com/python-programming/methods/list/remove//python-programming/methods/list/index
11756-ERROR-Error occured while putting the values in the database
11756-ERROR-Error in finding the data on the web page https://www.programiz.com/python-programming/methods/list/remove//python-programming/methods/list/append
11756-ERROR-Error occured while putting the values in the database
11756-ERROR-Error in finding the data on the web page https://www.programiz.com/python-programming/methods/list/remove//python-programming/methods/list/extend
11756-ERROR-Error occured while putting the values in the database
11756-ERROR-Error in finding the data on the web page https://www.programiz.com/python-programming/methods/list/remove//python-programming/methods/list/insert
11756-ERROR-Error occured while putting the values in the database
11756-ERROR-Error in finding the data on the web page https://www.programiz.com/python-programming/methods/list/remove//python-programming/methods/list/remove
11756-ERROR-Error occured while putting the values in the database
11756-ERROR-Error in finding the data on the web page https://www.programiz.com/python-programming/methods/list/remove//python-programming/methods/list/count
11756-ERROR-Error occured while putting the values in the database
11756-ERROR-Error in finding the data on the web page https://www.programiz.com/python-programming/methods/list/remove//python-programming/methods/list/pop
11756-ERROR-Error occured while putting the values in the database
11756-ERROR-Error in finding the data on the web page https://www.programiz.com/python-programming/methods/list/remove//python-programming/methods/list/reverse
11756-ERROR-Error occured while putting the values in the database
11756-ERROR-Error in finding the data on the web page https://www.programiz.com/python-programming/methods/list/remove//python-programming/methods/list/sort
11756-ERROR-Error occured while putting the values in the database
11756-ERROR-Error in finding the data on the web page https://www.programiz.com/python-programming/methods/list/remove//python-programming/methods/list/copy
11756-ERROR-Error occured while putting the values in the database
11756-ERROR-Error in finding the data on the web page https://www.programiz.com/python-programming/methods/list/remove//python-programming/methods/list/clear
11756-ERROR-Error occured while putting the values in the database
11756-ERROR-Error in finding the data on the web page https://www.programiz.com/python-programming/methods/list/remove//python-programming/methods/list/append
11756-ERROR-Error occured while putting the values in the database
11756-ERROR-Error in finding the data on the web page https://www.programiz.com/python-programming/methods/list/remove//python-programming/methods/list/pop
11756-ERROR-Error occured while putting the values in the database
11756-ERROR-Error in finding the data on the web page https://www.programiz.com/python-programming/methods/list/remove//python-programming/methods/set/remove
11756-ERROR-Error occured while putting the values in the database
11756-ERROR-Error in finding the data on the web page https://www.programiz.com/python-programming/methods/list/remove//python-programming/methods/list/index
11756-ERROR-Error occured while putting the values in the database
11756-ERROR-Error in finding the data on the web page https://www.programiz.com/python-programming/methods/list/remove//python-programming/methods/list/clear
11756-ERROR-Error occured while putting the values in the database
11756-ERROR-Error in finding the data on the web page https://www.programiz.com/python-programming/methods/list/remove//python-programming/methods/list/insert
11756-ERROR-Error occured while putting the values in the database
11756-ERROR-Error in finding the data on the web page https://www.programiz.com/python-programming/methods/list/remove//python-programming/methods/list/pop
11756-ERROR-Error occured while putting the values in the database
11756-ERROR-Error in finding the data on the web page https://www.programiz.com/python-programming/methods/list/remove//python-programming/del
11756-ERROR-Error occured while putting the values in the database
11756-ERROR-Error in finding the data on the web page https://www.programiz.com/python-programming/methods/list/remove//python-programming/methods/list/insert
11756-ERROR-Error occured while putting the values in the database
11756-ERROR-Error in finding the data on the web page https://www.programiz.com/python-programming/methods/list/remove//python-programming/methods/list/count
11756-ERROR-Error occured while putting the values in the database
11756-ERROR-Internal Server Error: /crawler/viper
Traceback (most recent call last):
  File "E:\Side Projects\Brean\venv\lib\site-packages\urllib3\connectionpool.py", line 710, in urlopen
    chunked=chunked,
  File "E:\Side Projects\Brean\venv\lib\site-packages\urllib3\connectionpool.py", line 386, in _make_request
    self._validate_conn(conn)
  File "E:\Side Projects\Brean\venv\lib\site-packages\urllib3\connectionpool.py", line 1042, in _validate_conn
    conn.connect()
  File "E:\Side Projects\Brean\venv\lib\site-packages\urllib3\connection.py", line 424, in connect
    tls_in_tls=tls_in_tls,
  File "E:\Side Projects\Brean\venv\lib\site-packages\urllib3\util\ssl_.py", line 450, in ssl_wrap_socket
    sock, context, tls_in_tls, server_hostname=server_hostname
  File "E:\Side Projects\Brean\venv\lib\site-packages\urllib3\util\ssl_.py", line 493, in _ssl_wrap_socket_impl
    return ssl_context.wrap_socket(sock, server_hostname=server_hostname)
  File "C:\Users\AC\AppData\Local\Programs\Python\Python37\lib\ssl.py", line 423, in wrap_socket
    session=session
  File "C:\Users\AC\AppData\Local\Programs\Python\Python37\lib\ssl.py", line 870, in _create
    self.do_handshake()
  File "C:\Users\AC\AppData\Local\Programs\Python\Python37\lib\ssl.py", line 1139, in do_handshake
    self._sslobj.do_handshake()
ssl.SSLError: [SSL: WRONG_VERSION_NUMBER] wrong version number (_ssl.c:1076)

During handling of the above exception, another exception occurred:

Traceback (most recent call last):
  File "E:\Side Projects\Brean\venv\lib\site-packages\requests\adapters.py", line 499, in send
    timeout=timeout,
  File "E:\Side Projects\Brean\venv\lib\site-packages\urllib3\connectionpool.py", line 788, in urlopen
    method, url, error=e, _pool=self, _stacktrace=sys.exc_info()[2]
  File "E:\Side Projects\Brean\venv\lib\site-packages\urllib3\util\retry.py", line 592, in increment
    raise MaxRetryError(_pool, url, error or ResponseError(cause))
urllib3.exceptions.MaxRetryError: HTTPSConnectionPool(host='m.facebook.com', port=443): Max retries exceeded with url: /sharer/sharer.php?u=https%3A%2F%2Fwww.programiz.com%2Fpython-programming%2Fmethods%2Flist%2Fremove (Caused by SSLError(SSLError(1, '[SSL: WRONG_VERSION_NUMBER] wrong version number (_ssl.c:1076)')))

During handling of the above exception, another exception occurred:

Traceback (most recent call last):
  File "E:\Side Projects\Brean\venv\lib\site-packages\django\core\handlers\exception.py", line 47, in inner
    response = get_response(request)
  File "E:\Side Projects\Brean\venv\lib\site-packages\django\core\handlers\base.py", line 181, in _get_response
    response = wrapped_callback(request, *callback_args, **callback_kwargs)
  File "E:\Side Projects\Brean\venv\lib\site-packages\django\views\generic\base.py", line 63, in view
    self = cls(**initkwargs)
  File "E:\Side Projects\Brean\Crawler\views.py", line 17, in __init__
    self.engine()
  File "E:\Side Projects\Brean\Crawler\views.py", line 65, in engine
    self.parser()
  File "E:\Side Projects\Brean\Crawler\views.py", line 21, in parser
    page = requests.get(self.current_url)
  File "E:\Side Projects\Brean\venv\lib\site-packages\requests\api.py", line 73, in get
    return request("get", url, params=params, **kwargs)
  File "E:\Side Projects\Brean\venv\lib\site-packages\requests\api.py", line 59, in request
    return session.request(method=method, url=url, **kwargs)
  File "E:\Side Projects\Brean\venv\lib\site-packages\requests\sessions.py", line 587, in request
    resp = self.send(prep, **send_kwargs)
  File "E:\Side Projects\Brean\venv\lib\site-packages\requests\sessions.py", line 723, in send
    history = [resp for resp in gen]
  File "E:\Side Projects\Brean\venv\lib\site-packages\requests\sessions.py", line 723, in <listcomp>
    history = [resp for resp in gen]
  File "E:\Side Projects\Brean\venv\lib\site-packages\requests\sessions.py", line 274, in resolve_redirects
    **adapter_kwargs,
  File "E:\Side Projects\Brean\venv\lib\site-packages\requests\sessions.py", line 701, in send
    r = adapter.send(request, **kwargs)
  File "E:\Side Projects\Brean\venv\lib\site-packages\requests\adapters.py", line 563, in send
    raise SSLError(e, request=request)
requests.exceptions.SSLError: HTTPSConnectionPool(host='m.facebook.com', port=443): Max retries exceeded with url: /sharer/sharer.php?u=https%3A%2F%2Fwww.programiz.com%2Fpython-programming%2Fmethods%2Flist%2Fremove (Caused by SSLError(SSLError(1, '[SSL: WRONG_VERSION_NUMBER] wrong version number (_ssl.c:1076)')))
11756-INFO-E:\Side Projects\Brean\Crawler\views.py changed, reloading.
9944-INFO-E:\Side Projects\Brean\Crawler\views.py changed, reloading.
7800-ERROR-Error in finding the data on the web page https://stackoverflow.com/questions/36768068/get-meta-tag-content-property-with-beautifulsoup-and-python
7800-ERROR-Error occured while putting the values in the database
7800-ERROR-Error in finding the data on the web page https://stackoverflow.com
7800-ERROR-Error occured while putting the values in the database
7800-ERROR-Error in finding the data on the web page https://stackoverflow.com/questions/36768068/get-meta-tag-content-property-with-beautifulsoup-and-python/questions
7800-ERROR-Error occured while putting the values in the database
7800-ERROR-Error in finding the data on the web page https://stackoverflow.com
7800-ERROR-Error occured while putting the values in the database
7800-ERROR-Error in finding the data on the web page https://stackoverflow.com/users/signup?ssrc=site_switcher&returnurl=https%3a%2f%2fstackoverflow.com%2fquestions%2f36768068%2fget-meta-tag-content-property-with-beautifulsoup-and-python
7800-ERROR-Error occured while putting the values in the database
7800-ERROR-Error in finding the data on the web page https://stackoverflow.com/users/login?ssrc=site_switcher&returnurl=https%3a%2f%2fstackoverflow.com%2fquestions%2f36768068%2fget-meta-tag-content-property-with-beautifulsoup-and-python
7800-ERROR-Error occured while putting the values in the database
7800-ERROR-Error in finding the data on the web page https://stackoverflow.com/questions/36768068/get-meta-tag-content-property-with-beautifulsoup-and-pythonjavascript:void(0)
7800-ERROR-Error occured while putting the values in the database
7800-ERROR-Error in finding the data on the web page https://stackoverflow.co/
7800-ERROR-Error occured while putting the values in the database
7800-ERROR-Error in finding the data on the web page https://stackoverflow.com/questions/36768068/get-meta-tag-content-property-with-beautifulsoup-and-python/teams
7800-ERROR-Error occured while putting the values in the database
7800-ERROR-Error in finding the data on the web page https://stackoverflow.com/questions/36768068/get-meta-tag-content-property-with-beautifulsoup-and-python/
7800-ERROR-Error occured while putting the values in the database
7800-ERROR-Error in finding the data on the web page https://stackoverflow.com/questions/36768068/get-meta-tag-content-property-with-beautifulsoup-and-pythonjavascript:void(0)
7800-ERROR-Error occured while putting the values in the database
7800-ERROR-Error in finding the data on the web page https://try.stackoverflow.co/why-teams/?utm_source=so-owned&utm_medium=side-bar&utm_campaign=campaign-38&utm_content=cta
7800-ERROR-Error occured while putting the values in the database
7800-ERROR-Error in finding the data on the web page https://stackoverflow.com/questions/36768068/get-meta-tag-content-property-with-beautifulsoup-and-python/teams
7800-ERROR-Error occured while putting the values in the database
7800-ERROR-Error in finding the data on the web page https://stackoverflow.com/questions/36768068/get-meta-tag-content-property-with-beautifulsoup-and-python#
7800-ERROR-Error occured while putting the values in the database
7800-ERROR-Error in finding the data on the web page https://stackoverflow.com/users/signup?ssrc=head&returnurl=https%3a%2f%2fstackoverflow.com%2fquestions%2f36768068%2fget-meta-tag-content-property-with-beautifulsoup-and-python
7800-ERROR-Error occured while putting the values in the database
7800-ERROR-Error in finding the data on the web page https://stackoverflow.com/help
7800-ERROR-Error occured while putting the values in the database
7800-ERROR-Error in finding the data on the web page https://stackoverflow.co/advertising
7800-ERROR-Error occured while putting the values in the database
7800-ERROR-Error in finding the data on the web page https://chat.stackoverflow.com/?tab=site&host=stackoverflow.com
7800-ERROR-Error occured while putting the values in the database
7800-ERROR-Error in finding the data on the web page https://stackoverflow.com/questions/36768068/get-meta-tag-content-property-with-beautifulsoup-and-python/posts/36768068/timeline
7800-ERROR-Error occured while putting the values in the database
7800-ERROR-Error in finding the data on the web page https://stackoverflow.com/questions/36768068/get-meta-tag-content-property-with-beautifulsoup-and-python/questions/ask
7800-ERROR-Error occured while putting the values in the database
7800-ERROR-Error in finding the data on the web page https://meta.stackoverflow.com
7800-ERROR-Error occured while putting the values in the database
7800-ERROR-Error in finding the data on the web page https://stackoverflow.com/questions/36768068/get-meta-tag-content-property-with-beautifulsoup-and-python/tags
7800-ERROR-Error occured while putting the values in the database
7800-ERROR-Error in finding the data on the web page https://stackoverflow.co/talent
7800-ERROR-Error occured while putting the values in the database
7800-ERROR-Error in finding the data on the web page https://stackoverflow.com/questions/36768068/get-meta-tag-content-property-with-beautifulsoup-and-python/collectives
7800-ERROR-Error occured while putting the values in the database
7800-ERROR-Error in finding the data on the web page https://stackoverflow.com/questions/36768068/get-meta-tag-content-property-with-beautifulsoup-and-python?lastactivity
7800-ERROR-Error occured while putting the values in the database
7800-ERROR-Error in finding the data on the web page https://stackoverflow.com
7800-ERROR-Error occured while putting the values in the database
7800-ERROR-Error in finding the data on the web page https://stackoverflow.com/questions/36768068/get-meta-tag-content-property-with-beautifulsoup-and-python/questions/tagged/web-scraping
7800-ERROR-Error occured while putting the values in the database
7800-ERROR-Error in finding the data on the web page https://stackoverflow.com/questions/36768068/get-meta-tag-content-property-with-beautifulsoup-and-python/questions/tagged/beautifulsoup
7800-ERROR-Error occured while putting the values in the database
7800-ERROR-Error in finding the data on the web page https://stackoverflow.co/
7800-ERROR-Error occured while putting the values in the database
7800-ERROR-Error in finding the data on the web page https://stackoverflow.com/questions/36768068/get-meta-tag-content-property-with-beautifulsoup-and-python/posts/36768068/edit
7800-ERROR-Error occured while putting the values in the database
7800-ERROR-Error in finding the data on the web page https://stackoverflow.com#
7800-ERROR-Error occured while putting the values in the database
7800-ERROR-Error in finding the data on the web page https://stackoverflow.com/questions/36768068/get-meta-tag-content-property-with-beautifulsoup-and-python/questions
7800-ERROR-Error occured while putting the values in the database
7800-ERROR-Error in finding the data on the web page https://stackoverflow.com/questions/36768068/get-meta-tag-content-property-with-beautifulsoup-and-python/questions/tagged/html
7800-ERROR-Error occured while putting the values in the database
7800-ERROR-Error in finding the data on the web page https://stackexchange.com/sites
7800-ERROR-Error occured while putting the values in the database
7800-ERROR-Error in finding the data on the web page https://stackoverflow.com/teams
7800-ERROR-Error occured while putting the values in the database
7800-ERROR-Error in finding the data on the web page https://stackoverflow.com/questions/36768068/get-meta-tag-content-property-with-beautifulsoup-and-python/collectives
7800-ERROR-Error occured while putting the values in the database
7800-ERROR-Error in finding the data on the web page https://stackoverflow.com#
7800-ERROR-Error occured while putting the values in the database
7800-ERROR-Error in finding the data on the web page https://stackoverflow.co/talent
7800-ERROR-Error occured while putting the values in the database
7800-ERROR-Error in finding the data on the web page https://stackoverflow.com
7800-ERROR-Error occured while putting the values in the database
7800-ERROR-Error in finding the data on the web page https://stackoverflow.blog
7800-ERROR-Error occured while putting the values in the database
7800-ERROR-Error in finding the data on the web page https://stackoverflow.com/questions/36768068/get-meta-tag-content-property-with-beautifulsoup-and-python/users
7800-ERROR-Error occured while putting the values in the database
7800-ERROR-Error in finding the data on the web page https://stackoverflow.com
7800-ERROR-Error occured while putting the values in the database
7800-ERROR-Error in finding the data on the web page https://stackoverflow.co/
7800-ERROR-Error occured while putting the values in the database
7800-ERROR-Error in finding the data on the web page https://stackoverflow.com/questions/36768068/get-meta-tag-content-property-with-beautifulsoup-and-python/questions/36768068/get-meta-tag-content-property-with-beautifulsoup-and-python
7800-ERROR-Error occured while putting the values in the database
7800-ERROR-Error in finding the data on the web page https://stackoverflow.com/users/login?ssrc=head&returnurl=https%3a%2f%2fstackoverflow.com%2fquestions%2f36768068%2fget-meta-tag-content-property-with-beautifulsoup-and-python
7800-ERROR-Error occured while putting the values in the database
7800-ERROR-Error in finding the data on the web page https://stackoverflow.com/users/signup?ssrc=site_switcher&returnurl=https%3a%2f%2fstackoverflow.com%2f
7800-ERROR-Error occured while putting the values in the database
7800-ERROR-Error in finding the data on the web page https://stackoverflow.com/questions/36768068/get-meta-tag-content-property-with-beautifulsoup-and-python/questions/tagged/python
7800-ERROR-Error occured while putting the values in the database
7800-ERROR-Error in finding the data on the web page https://stackoverflow.com/jobs/companies?so_medium=stackoverflow&so_source=SiteNav
7800-ERROR-Error occured while putting the values in the database
7800-ERROR-Error in finding the data on the web page https://stackoverflow.com/questions/36768068/get-meta-tag-content-property-with-beautifulsoup-and-python/q/36768068
7800-ERROR-Error occured while putting the values in the database
7800-ERROR-Error in finding the data on the web page https://stackoverflow.com/users/login?ssrc=site_switcher&returnurl=https%3a%2f%2fstackoverflow.com%2f
7800-ERROR-Error occured while putting the values in the database
7800-ERROR-Error in finding the data on the web page https://stackoverflow.com/teams
7800-ERROR-Error occured while putting the values in the database
7800-ERROR-Error in finding the data on the web page https://stackoverflow.com/questions
7800-ERROR-Error occured while putting the values in the database
7800-ERROR-Error in finding the data on the web page https://stackoverflow.com
7800-ERROR-Error occured while putting the values in the database
7800-ERROR-Error in finding the data on the web page https://stackoverflow.com/users/login?ssrc=head&returnurl=https%3a%2f%2fstackoverflow.com%2f
7800-ERROR-Error occured while putting the values in the database
7800-ERROR-Error in finding the data on the web page https://stackexchange.com/sites
7800-ERROR-Error occured while putting the values in the database
7800-ERROR-Error in finding the data on the web page https://stackoverflow.com/jobs/companies?so_medium=stackoverflow&so_source=SiteNav
7800-ERROR-Error occured while putting the values in the database
7800-ERROR-Error in finding the data on the web page https://stackoverflow.com/teams/create/free?utm_source=so-owned&utm_medium=side-bar&utm_campaign=campaign-38&utm_content=cta
7800-ERROR-Error occured while putting the values in the database
7800-ERROR-Error in finding the data on the web page https://stackoverflow.com/users
7800-ERROR-Error occured while putting the values in the database
7800-ERROR-Error in finding the data on the web page https://stackoverflow.com/help
7800-ERROR-Error occured while putting the values in the database
7800-ERROR-Error in finding the data on the web page https://stackoverflow.co/teams
7800-ERROR-Error occured while putting the values in the database
7800-ERROR-Error in finding the data on the web page https://stackoverflow.com/questions/36768068/get-meta-tag-content-property-with-beautifulsoup-and-python/posts/36768068/revisions
7800-ERROR-Error occured while putting the values in the database
7800-ERROR-Error in finding the data on the web page https://stackoverflow.com/questions/36768068/get-meta-tag-content-property-with-beautifulsoup-and-python/users/4821169/the-t-test-1
7800-ERROR-Error occured while putting the values in the database
7800-ERROR-Error in finding the data on the web page https://stackoverflow.com/teams/create/free?utm_source=so-owned&utm_medium=side-bar&utm_campaign=campaign-38&utm_content=cta
7800-ERROR-Error occured while putting the values in the database
7800-ERROR-Error in finding the data on the web page https://stackoverflow.co/
7800-ERROR-Error occured while putting the values in the database
7800-ERROR-Error in finding the data on the web page https://stackoverflow.co/teams
7800-ERROR-Error occured while putting the values in the database
7800-ERROR-Error in finding the data on the web page https://stackoverflow.com/collectives
7800-ERROR-Error occured while putting the values in the database
7800-ERROR-Internal Server Error: /crawler/viper
Traceback (most recent call last):
  File "E:\Side Projects\Brean\venv\lib\site-packages\requests\models.py", line 434, in prepare_url
    scheme, auth, host, port, path, query, fragment = parse_url(url)
  File "E:\Side Projects\Brean\venv\lib\site-packages\urllib3\util\url.py", line 397, in parse_url
    return six.raise_from(LocationParseError(source_url), None)
  File "<string>", line 3, in raise_from
urllib3.exceptions.LocationParseError: Failed to parse: https://stackoverflow.comjavascript:void(0)

During handling of the above exception, another exception occurred:

Traceback (most recent call last):
  File "E:\Side Projects\Brean\venv\lib\site-packages\django\core\handlers\exception.py", line 47, in inner
    response = get_response(request)
  File "E:\Side Projects\Brean\venv\lib\site-packages\django\core\handlers\base.py", line 181, in _get_response
    response = wrapped_callback(request, *callback_args, **callback_kwargs)
  File "E:\Side Projects\Brean\venv\lib\site-packages\django\views\generic\base.py", line 63, in view
    self = cls(**initkwargs)
  File "E:\Side Projects\Brean\Crawler\views.py", line 18, in __init__
    self.engine()
  File "E:\Side Projects\Brean\Crawler\views.py", line 66, in engine
    self.parser()
  File "E:\Side Projects\Brean\Crawler\views.py", line 22, in parser
    page = requests.get(self.current_url)
  File "E:\Side Projects\Brean\venv\lib\site-packages\requests\api.py", line 73, in get
    return request("get", url, params=params, **kwargs)
  File "E:\Side Projects\Brean\venv\lib\site-packages\requests\api.py", line 59, in request
    return session.request(method=method, url=url, **kwargs)
  File "E:\Side Projects\Brean\venv\lib\site-packages\requests\sessions.py", line 573, in request
    prep = self.prepare_request(req)
  File "E:\Side Projects\Brean\venv\lib\site-packages\requests\sessions.py", line 496, in prepare_request
    hooks=merge_hooks(request.hooks, self.hooks),
  File "E:\Side Projects\Brean\venv\lib\site-packages\requests\models.py", line 368, in prepare
    self.prepare_url(url, params)
  File "E:\Side Projects\Brean\venv\lib\site-packages\requests\models.py", line 436, in prepare_url
    raise InvalidURL(*e.args)
requests.exceptions.InvalidURL: Failed to parse: https://stackoverflow.comjavascript:void(0)
7800-INFO-E:\Side Projects\Brean\Crawler\views.py changed, reloading.
6152-INFO-E:\Side Projects\Brean\Crawler\views.py changed, reloading.
11972-INFO-E:\Side Projects\Brean\Crawler\views.py changed, reloading.
11372-ERROR-Error in finding the data on the web page https://www.tradingview.com
11372-ERROR-Error occured while putting the values in the database
11372-ERROR-Internal Server Error: /crawler/viper
Traceback (most recent call last):
  File "E:\Side Projects\Brean\venv\lib\site-packages\django\core\handlers\exception.py", line 47, in inner
    response = get_response(request)
  File "E:\Side Projects\Brean\venv\lib\site-packages\django\core\handlers\base.py", line 181, in _get_response
    response = wrapped_callback(request, *callback_args, **callback_kwargs)
  File "E:\Side Projects\Brean\venv\lib\site-packages\django\views\generic\base.py", line 63, in view
    self = cls(**initkwargs)
  File "E:\Side Projects\Brean\Crawler\views.py", line 18, in __init__
    self.engine()
  File "E:\Side Projects\Brean\Crawler\views.py", line 70, in engine
    self.queue_manager()
  File "E:\Side Projects\Brean\Crawler\views.py", line 60, in queue_manager
    self.current_url = self.waiting_urls[random.choices(range(2, 5))]
TypeError: list indices must be integers or slices, not list
11372-INFO-E:\Side Projects\Brean\Crawler\views.py changed, reloading.
10464-ERROR-Error in finding the data on the web page https://www.tradingview.com
10464-ERROR-Error occured while putting the values in the database
10464-ERROR-Error in finding the data on the web page https://www.tradingview.com/chart/?symbol=NASDAQ%3ATSLA
10464-ERROR-Error occured while putting the values in the database
10464-ERROR-Error in finding the data on the web page https://www.tradingview.com/chart/?symbol=BITSTAMP%3ABTCUSD
10464-ERROR-Error occured while putting the values in the database
10464-ERROR-Error in finding the data on the web page https://www.tradingview.com/features/
10464-ERROR-Error occured while putting the values in the database
10464-ERROR-Error in finding the data on the web page https://www.tradingview.com/markets/
10464-ERROR-Error occured while putting the values in the database
10464-ERROR-Error in finding the data on the web page https://www.tradingview.com/symbols/CME_MINI-NQ1!/
10464-ERROR-Error occured while putting the values in the database
10464-ERROR-Error in finding the data on the web page https://www.tradingview.com/symbols/CME_MINI-ES1!/
10464-ERROR-Error occured while putting the values in the database
10464-ERROR-Error in finding the data on the web page https://www.tradingview.com/symbols/ICEUS-DX1!/
10464-ERROR-Error occured while putting the values in the database
10464-ERROR-Error in finding the data on the web page https://www.tradingview.com/chart/?symbol=NASDAQ%3AAAPL
10464-ERROR-Error occured while putting the values in the database
10464-ERROR-Error in finding the data on the web page https://www.tradingview.com/symbols/XBT/
10464-ERROR-Error occured while putting the values in the database
10464-ERROR-Error in finding the data on the web page https://www.tradingview.com/symbols/CBOT_MINI-YM1!/
10464-ERROR-Error occured while putting the values in the database
10464-ERROR-Error in finding the data on the web page https://www.tradingview.com/symbols/NASDAQ-AMD/
10464-ERROR-Error occured while putting the values in the database
10464-ERROR-Error in finding the data on the web page https://www.tradingview.com/symbols/NASDAQ-AMZN/
10464-ERROR-Error occured while putting the values in the database
10464-ERROR-Error in finding the data on the web page https://www.tradingview.com/symbols/NASDAQ-TSLA/
10464-ERROR-Error occured while putting the values in the database
10464-ERROR-Error in finding the data on the web page https://www.tradingview.com/symbols/CME_MINI-RTY1!/
10464-ERROR-Error occured while putting the values in the database
10464-ERROR-Error in finding the data on the web page https://www.tradingview.com/symbols/NASDAQ-META/
10464-ERROR-Error occured while putting the values in the database
10464-ERROR-Error in finding the data on the web page https://www.tradingview.com/symbols/TOTAL/
10464-ERROR-Error occured while putting the values in the database
10464-ERROR-Error in finding the data on the web page https://www.tradingview.com/symbols/NASDAQ-NFLX/
10464-ERROR-Error occured while putting the values in the database
10464-ERROR-Error in finding the data on the web page https://www.tradingview.com/symbols/BTCUSD/
10464-ERROR-Error occured while putting the values in the database
10464-ERROR-Error in finding the data on the web page https://www.tradingview.com/symbols/NASDAQ-AAPL/
10464-ERROR-Error occured while putting the values in the database
10464-ERROR-Error in finding the data on the web page https://www.tradingview.com/symbols/SOLUSD/
10464-ERROR-Error occured while putting the values in the database
10464-ERROR-Error in finding the data on the web page https://www.tradingview.com/symbols/ETHUSD/
10464-ERROR-Error occured while putting the values in the database
10464-ERROR-Error in finding the data on the web page https://www.tradingview.com/symbols/UNIUSD/
10464-ERROR-Error occured while putting the values in the database
10464-ERROR-Error in finding the data on the web page https://www.tradingview.com/symbols/LUNAUSD/
10464-ERROR-Error occured while putting the values in the database
10464-ERROR-Error in finding the data on the web page https://www.tradingview.com/symbols/GBPUSD/
10464-ERROR-Error occured while putting the values in the database
10464-ERROR-Error in finding the data on the web page https://www.tradingview.com/symbols/AUDUSD/
10464-ERROR-Error occured while putting the values in the database
10464-ERROR-Error in finding the data on the web page https://www.tradingview.com/symbols/EURUSD/
10464-ERROR-Error occured while putting the values in the database
10464-ERROR-Error in finding the data on the web page https://www.tradingview.com/symbols/USDJPY/
10464-ERROR-Error occured while putting the values in the database
10464-ERROR-Error in finding the data on the web page https://www.tradingview.com/symbols/USDCHF/
10464-ERROR-Error occured while putting the values in the database
10464-ERROR-Error in finding the data on the web page https://www.tradingview.com/symbols/COMEX-GC1!/
10464-ERROR-Error occured while putting the values in the database
10464-ERROR-Error in finding the data on the web page https://www.tradingview.com/symbols/NYMEX-CL1!/
10464-ERROR-Error occured while putting the values in the database
10464-ERROR-Error in finding the data on the web page https://www.tradingview.com/symbols/COMEX-SI1!/
10464-ERROR-Error occured while putting the values in the database
10464-ERROR-Error in finding the data on the web page https://www.tradingview.com/symbols/CBOT-ZC1!/
10464-ERROR-Error occured while putting the values in the database
10464-ERROR-Error in finding the data on the web page https://www.tradingview.com/symbols/USDCAD/
10464-ERROR-Error occured while putting the values in the database
10464-ERROR-Error in finding the data on the web page https://www.tradingview.com/symbols/NYMEX-NG1!/
10464-ERROR-Error occured while putting the values in the database
10464-ERROR-Error in finding the data on the web page https://www.tradingview.com/symbols/CME-BTC1!/
10464-ERROR-Error occured while putting the values in the database
10464-ERROR-Error in finding the data on the web page https://www.tradingview.com/symbols/TVC-DE10Y/
10464-ERROR-Error occured while putting the values in the database
10464-ERROR-Error in finding the data on the web page https://www.tradingview.com/symbols/TVC-JP10Y/
10464-ERROR-Error occured while putting the values in the database
10464-ERROR-Error in finding the data on the web page https://www.tradingview.com/symbols/TVC-US10Y/
10464-ERROR-Error occured while putting the values in the database
10464-ERROR-Error in finding the data on the web page https://www.tradingview.com/symbols/TVC-IN10Y/
10464-ERROR-Error occured while putting the values in the database
10464-ERROR-Error in finding the data on the web page https://www.tradingview.com/symbols/TVC-GB10Y/
10464-ERROR-Error occured while putting the values in the database
10464-ERROR-Error in finding the data on the web page https://www.tradingview.com/ideas/
10464-ERROR-Error occured while putting the values in the database
10464-ERROR-Error in finding the data on the web page https://www.tradingview.com/symbols/TVC-EU10Y/
10464-ERROR-Error occured while putting the values in the database
10464-ERROR-Error in finding the data on the web page https://www.tradingview.com/chart/NQ1!/SRlZFeeu-Another-low-in-play-for-Nasdaq/
10464-ERROR-Error occured while putting the values in the database
10464-ERROR-Error in finding the data on the web page https://www.tradingview.com/chart/?symbol=CME_MINI%3AES1!
10464-ERROR-Error occured while putting the values in the database
10464-ERROR-Error in finding the data on the web page https://www.tradingview.com/ideas/editors-picks/
10464-ERROR-Error occured while putting the values in the database
10464-ERROR-Error in finding the data on the web page https://www.tradingview.com/symbols/CME_MINI-NQ1!/
10464-ERROR-Error occured while putting the values in the database
10464-ERROR-Error in finding the data on the web page https://www.tradingview.com/chart/NQ1!/SRlZFeeu-Another-low-in-play-for-Nasdaq/
10464-ERROR-Error occured while putting the values in the database
10464-ERROR-Error in finding the data on the web page https://www.tradingview.com/chart/NQ1!/SRlZFeeu-Another-low-in-play-for-Nasdaq/#chart-view-comment-form
10464-ERROR-Error occured while putting the values in the database
10464-ERROR-Error in finding the data on the web page https://www.tradingview.com/chart/NQ1!/SRlZFeeu-Another-low-in-play-for-Nasdaq/
10464-ERROR-Error occured while putting the values in the database
10464-ERROR-Error in finding the data on the web page https://www.tradingview.com/chart/BAMLC0A0CM/OGVZUHOw-Corporate-Credit-Conditions-Part-1/
10464-ERROR-Error occured while putting the values in the database
10464-ERROR-Error in finding the data on the web page https://www.tradingview.com/ideas/editors-picks/
10464-ERROR-Error occured while putting the values in the database
10464-ERROR-Error in finding the data on the web page https://www.tradingview.com/chart/BAMLC0A0CM/OGVZUHOw-Corporate-Credit-Conditions-Part-1/
10464-ERROR-Error occured while putting the values in the database
10464-INFO-E:\Side Projects\Brean\Crawler\views.py changed, reloading.
6284-ERROR-Error in finding the data on the web page https://www.tradingview.com
6284-ERROR-Error occured while putting the values in the database
6284-ERROR-Error in finding the data on the web page https://www.tradingview.com/chart/?symbol=BITSTAMP%3ABTCUSD
6284-ERROR-Error occured while putting the values in the database
6284-ERROR-Error in finding the data on the web page https://www.tradingview.com/features/
6284-ERROR-Error occured while putting the values in the database
6284-ERROR-Error in finding the data on the web page https://www.tradingview.com/markets/
6284-ERROR-Error occured while putting the values in the database
6284-ERROR-Error in finding the data on the web page https://www.tradingview.com/chart/?symbol=NASDAQ%3AAAPL
6284-ERROR-Error occured while putting the values in the database
6284-ERROR-Error in finding the data on the web page https://www.tradingview.com/symbols/CME_MINI-NQ1!/
6284-ERROR-Error occured while putting the values in the database
6284-ERROR-Error in finding the data on the web page https://www.tradingview.com/symbols/XBT/
6284-ERROR-Error occured while putting the values in the database
6284-ERROR-Error in finding the data on the web page https://www.tradingview.com/symbols/CME_MINI-ES1!/
6284-ERROR-Error occured while putting the values in the database
6284-ERROR-Error in finding the data on the web page https://www.tradingview.com/chart/?symbol=NASDAQ%3ATSLA
6284-ERROR-Error occured while putting the values in the database
6284-ERROR-Error in finding the data on the web page https://www.tradingview.com/symbols/CME_MINI-RTY1!/
6284-ERROR-Error occured while putting the values in the database
6284-ERROR-Error in finding the data on the web page https://www.tradingview.com/symbols/ICEUS-DX1!/
6284-ERROR-Error occured while putting the values in the database
6284-ERROR-Error in finding the data on the web page https://www.tradingview.com/symbols/NASDAQ-AMD/
6284-ERROR-Error occured while putting the values in the database
6284-ERROR-Error in finding the data on the web page https://www.tradingview.com/symbols/CBOT_MINI-YM1!/
6284-ERROR-Error occured while putting the values in the database
6284-ERROR-Error in finding the data on the web page https://www.tradingview.com/symbols/NASDAQ-AMZN/
6284-ERROR-Error occured while putting the values in the database
6284-ERROR-Error in finding the data on the web page https://www.tradingview.com/symbols/NASDAQ-NFLX/
6284-ERROR-Error occured while putting the values in the database
6284-ERROR-Error in finding the data on the web page https://www.tradingview.com/symbols/NASDAQ-META/
6284-ERROR-Error occured while putting the values in the database
6284-ERROR-Error in finding the data on the web page https://www.tradingview.com/symbols/NASDAQ-AAPL/
6284-ERROR-Error occured while putting the values in the database
6284-ERROR-Error in finding the data on the web page https://www.tradingview.com/symbols/NASDAQ-TSLA/
6284-ERROR-Error occured while putting the values in the database
6284-ERROR-Error in finding the data on the web page https://www.tradingview.com/symbols/BTCUSD/
6284-ERROR-Error occured while putting the values in the database
10172-ERROR-Error in finding the data on the web page https://www.tradingview.com
10172-ERROR-Error occured while putting the values in the database
10172-ERROR-Error in finding the data on the web page https://www.tradingview.com/chart/?symbol=NASDAQ%3ATSLA
10172-ERROR-Error occured while putting the values in the database
10172-ERROR-Error in finding the data on the web page https://www.tradingview.com/chart/?symbol=BITSTAMP%3ABTCUSD
10172-ERROR-Error occured while putting the values in the database
10172-ERROR-Error in finding the data on the web page https://www.tradingview.com/markets/
10172-ERROR-Error occured while putting the values in the database
10172-ERROR-Error in finding the data on the web page https://www.tradingview.com/chart/?symbol=NASDAQ%3AAAPL
10172-ERROR-Error occured while putting the values in the database
10172-ERROR-Error in finding the data on the web page https://www.tradingview.com/features/
10172-ERROR-Error occured while putting the values in the database
10172-ERROR-Error in finding the data on the web page https://www.tradingview.com/symbols/CME_MINI-ES1!/
10172-ERROR-Error occured while putting the values in the database
10172-ERROR-Error in finding the data on the web page https://www.tradingview.com/symbols/ICEUS-DX1!/
10172-ERROR-Error occured while putting the values in the database
10172-ERROR-Error in finding the data on the web page https://www.tradingview.com/symbols/CME_MINI-NQ1!/
10172-ERROR-Error occured while putting the values in the database
10172-ERROR-Error in finding the data on the web page https://www.tradingview.com/symbols/XBT/
10172-ERROR-Error occured while putting the values in the database
10172-ERROR-Error in finding the data on the web page https://www.tradingview.com/symbols/NASDAQ-AAPL/
10172-ERROR-Error occured while putting the values in the database
10172-INFO-E:\Side Projects\Brean\Crawler\views.py changed, reloading.
9520-ERROR-Error in finding the data on the web page https://www.tradingview.com
9520-ERROR-Error occured while putting the values in the database
9520-ERROR-Error in finding the data on the web page https://www.tradingview.com/chart/?symbol=NASDAQ%3AAAPL
9520-ERROR-Error occured while putting the values in the database
9520-ERROR-Error in finding the data on the web page https://www.tradingview.com/chart/?symbol=BITSTAMP%3ABTCUSD
9520-ERROR-Error occured while putting the values in the database
9520-ERROR-Error in finding the data on the web page https://www.tradingview.com/chart/?symbol=NASDAQ%3ATSLA
9520-ERROR-Error occured while putting the values in the database
9520-ERROR-Error in finding the data on the web page https://www.tradingview.com/symbols/CME_MINI-ES1!/
9520-ERROR-Error occured while putting the values in the database
9520-ERROR-Error in finding the data on the web page https://www.tradingview.com/markets/
9520-ERROR-Error occured while putting the values in the database
9520-ERROR-Error in finding the data on the web page https://www.tradingview.com/symbols/XBT/
9520-ERROR-Error occured while putting the values in the database
9520-ERROR-Error in finding the data on the web page https://www.tradingview.com/features/
9520-ERROR-Error occured while putting the values in the database
9520-ERROR-Error in finding the data on the web page https://www.tradingview.com/symbols/CBOT_MINI-YM1!/
9520-ERROR-Error occured while putting the values in the database
9520-ERROR-Error in finding the data on the web page https://www.tradingview.com/symbols/CME_MINI-RTY1!/
9520-ERROR-Error occured while putting the values in the database
9520-ERROR-Error in finding the data on the web page https://www.tradingview.com/symbols/CME_MINI-NQ1!/
9520-ERROR-Error occured while putting the values in the database
9520-ERROR-Error in finding the data on the web page https://www.tradingview.com/symbols/NASDAQ-AAPL/
9520-ERROR-Error occured while putting the values in the database
9520-ERROR-Error in finding the data on the web page https://www.tradingview.com/symbols/NASDAQ-AMD/
9520-ERROR-Error occured while putting the values in the database
9520-ERROR-Error in finding the data on the web page https://www.tradingview.com/symbols/ICEUS-DX1!/
9520-ERROR-Error occured while putting the values in the database
9520-ERROR-Error in finding the data on the web page https://www.tradingview.com/symbols/NASDAQ-AMZN/
9520-ERROR-Error occured while putting the values in the database
9520-ERROR-Error in finding the data on the web page https://www.tradingview.com/symbols/NASDAQ-META/
9520-ERROR-Error occured while putting the values in the database
9520-ERROR-Error in finding the data on the web page https://www.tradingview.com/symbols/NASDAQ-TSLA/
9520-ERROR-Error occured while putting the values in the database
9520-ERROR-Error in finding the data on the web page https://www.tradingview.com/symbols/TOTAL/
9520-ERROR-Error occured while putting the values in the database
9520-ERROR-Error in finding the data on the web page https://www.tradingview.com/symbols/NASDAQ-NFLX/
9520-ERROR-Error occured while putting the values in the database
9520-ERROR-Error in finding the data on the web page https://www.tradingview.com/symbols/ETHUSD/
9520-ERROR-Error occured while putting the values in the database
9520-ERROR-Error in finding the data on the web page https://www.tradingview.com/symbols/BTCUSD/
9520-ERROR-Error occured while putting the values in the database
9520-ERROR-Error in finding the data on the web page https://www.tradingview.com/symbols/UNIUSD/
9520-ERROR-Error occured while putting the values in the database
9520-ERROR-Error in finding the data on the web page https://www.tradingview.com/symbols/LUNAUSD/
9520-ERROR-Error occured while putting the values in the database
9520-ERROR-Error in finding the data on the web page https://www.tradingview.com/symbols/SOLUSD/
9520-ERROR-Error occured while putting the values in the database
9520-ERROR-Error in finding the data on the web page https://www.tradingview.com/symbols/USDJPY/
9520-ERROR-Error occured while putting the values in the database
9520-ERROR-Error in finding the data on the web page https://www.tradingview.com/symbols/AUDUSD/
9520-ERROR-Error occured while putting the values in the database
9520-ERROR-Error in finding the data on the web page https://www.tradingview.com/symbols/USDCAD/
9520-ERROR-Error occured while putting the values in the database
9520-ERROR-Error in finding the data on the web page https://www.tradingview.com/symbols/GBPUSD/
9520-ERROR-Error occured while putting the values in the database
9520-ERROR-Error in finding the data on the web page https://www.tradingview.com/symbols/USDCHF/
9520-ERROR-Error occured while putting the values in the database
9520-ERROR-Error in finding the data on the web page https://www.tradingview.com/symbols/COMEX-SI1!/
9520-ERROR-Error occured while putting the values in the database
9520-ERROR-Error in finding the data on the web page https://www.tradingview.com/symbols/COMEX-GC1!/
9520-ERROR-Error occured while putting the values in the database
9520-ERROR-Error in finding the data on the web page https://www.tradingview.com/symbols/NYMEX-NG1!/
9520-ERROR-Error occured while putting the values in the database
9520-ERROR-Error in finding the data on the web page https://www.tradingview.com/symbols/EURUSD/
9520-ERROR-Error occured while putting the values in the database
9520-ERROR-Error in finding the data on the web page https://www.tradingview.com/symbols/CME-BTC1!/
9520-ERROR-Error occured while putting the values in the database
9520-ERROR-Error in finding the data on the web page https://www.tradingview.com/symbols/TVC-US10Y/
9520-ERROR-Error occured while putting the values in the database
9520-ERROR-Error in finding the data on the web page https://www.tradingview.com/symbols/NYMEX-CL1!/
9520-ERROR-Error occured while putting the values in the database
9520-ERROR-Error in finding the data on the web page https://www.tradingview.com/symbols/TVC-EU10Y/
9520-ERROR-Error occured while putting the values in the database
9520-ERROR-Error in finding the data on the web page https://www.tradingview.com/symbols/CBOT-ZC1!/
9520-ERROR-Error occured while putting the values in the database
9520-ERROR-Error in finding the data on the web page https://www.tradingview.com/symbols/TVC-JP10Y/
9520-ERROR-Error occured while putting the values in the database
9520-ERROR-Error in finding the data on the web page https://www.tradingview.com/symbols/TVC-IN10Y/
9520-ERROR-Error occured while putting the values in the database
9520-ERROR-Error in finding the data on the web page https://www.tradingview.com/chart/?symbol=CME_MINI%3AES1!
9520-ERROR-Error occured while putting the values in the database
9520-ERROR-Error in finding the data on the web page https://www.tradingview.com/symbols/TVC-DE10Y/
9520-ERROR-Error occured while putting the values in the database
9520-ERROR-Error in finding the data on the web page https://www.tradingview.com/chart/NQ1!/SRlZFeeu-Another-low-in-play-for-Nasdaq/
9520-ERROR-Error occured while putting the values in the database
9520-ERROR-Error in finding the data on the web page https://www.tradingview.com/chart/NQ1!/SRlZFeeu-Another-low-in-play-for-Nasdaq/
9520-ERROR-Error occured while putting the values in the database
9520-ERROR-Error in finding the data on the web page https://www.tradingview.com/ideas/editors-picks/
9520-ERROR-Error occured while putting the values in the database
9520-ERROR-Error in finding the data on the web page https://www.tradingview.com/symbols/CME_MINI-NQ1!/
9520-ERROR-Error occured while putting the values in the database
9520-ERROR-Error in finding the data on the web page https://www.tradingview.com/symbols/TVC-GB10Y/
9520-ERROR-Error occured while putting the values in the database
9520-ERROR-Error in finding the data on the web page https://www.tradingview.com/u/inspirante/
9520-ERROR-Error occured while putting the values in the database
9520-ERROR-Error in finding the data on the web page https://www.tradingview.com/chart/NQ1!/SRlZFeeu-Another-low-in-play-for-Nasdaq/#chart-view-comment-form
9520-ERROR-Error occured while putting the values in the database
9520-ERROR-Error in finding the data on the web page https://www.tradingview.com/chart/BAMLC0A0CM/OGVZUHOw-Corporate-Credit-Conditions-Part-1/
9520-ERROR-Error occured while putting the values in the database
9520-ERROR-Error in finding the data on the web page https://www.tradingview.com/ideas/
9520-ERROR-Error occured while putting the values in the database
9520-ERROR-Error in finding the data on the web page https://www.tradingview.com/chart/BAMLC0A0CM/OGVZUHOw-Corporate-Credit-Conditions-Part-1/
9520-ERROR-Error occured while putting the values in the database
9520-ERROR-Error in finding the data on the web page https://www.tradingview.com/chart/NQ1!/SRlZFeeu-Another-low-in-play-for-Nasdaq/
9520-ERROR-Error occured while putting the values in the database
9520-ERROR-Error in finding the data on the web page https://www.tradingview.com/symbols/FRED-BAMLC0A0CM/
9520-ERROR-Error occured while putting the values in the database
9520-ERROR-Error in finding the data on the web page https://www.tradingview.com/u/CMT_Association/
9520-ERROR-Error occured while putting the values in the database
9520-ERROR-Error in finding the data on the web page https://www.tradingview.com/chart/BAMLC0A0CM/OGVZUHOw-Corporate-Credit-Conditions-Part-1/#chart-view-comment-form
9520-ERROR-Error occured while putting the values in the database
9520-ERROR-Error in finding the data on the web page https://www.tradingview.com/chart/BAMLC0A0CM/OGVZUHOw-Corporate-Credit-Conditions-Part-1/
9520-ERROR-Error occured while putting the values in the database
9520-ERROR-Error in finding the data on the web page https://www.tradingview.com/chart/NG1!/DJdYoppm-The-Bogeyman-in-Futures-Trading/
9520-ERROR-Error occured while putting the values in the database
9520-ERROR-Error in finding the data on the web page https://www.tradingview.com/chart/NG1!/DJdYoppm-The-Bogeyman-in-Futures-Trading/
9520-ERROR-Error occured while putting the values in the database
9520-ERROR-Error in finding the data on the web page https://www.tradingview.com/symbols/NYMEX-NG1!/
9520-ERROR-Error occured while putting the values in the database
9520-ERROR-Error in finding the data on the web page https://www.tradingview.com/chart/NG1!/DJdYoppm-The-Bogeyman-in-Futures-Trading/
9520-ERROR-Error occured while putting the values in the database
9520-ERROR-Error in finding the data on the web page https://www.tradingview.com/ideas/editors-picks/
9520-ERROR-Error occured while putting the values in the database
9520-ERROR-Error in finding the data on the web page https://www.tradingview.com/u/JimHuangChicago/
9520-ERROR-Error occured while putting the values in the database
9520-ERROR-Error in finding the data on the web page https://www.tradingview.com/chart/BTCUSD/5tDqdrs7-TOKENS-RELATED-TO-FIFA-WORLD-CUP-2022/
9520-ERROR-Error occured while putting the values in the database
9520-ERROR-Error in finding the data on the web page https://www.tradingview.com/ideas/editors-picks/
9520-ERROR-Error occured while putting the values in the database
9520-ERROR-Error in finding the data on the web page https://www.tradingview.com/ideas/editors-picks/
9520-ERROR-Error occured while putting the values in the database
9520-ERROR-Error in finding the data on the web page https://www.tradingview.com/chart/BTCUSD/5tDqdrs7-TOKENS-RELATED-TO-FIFA-WORLD-CUP-2022/
9520-ERROR-Error occured while putting the values in the database
9520-ERROR-Error in finding the data on the web page https://www.tradingview.com/chart/NG1!/DJdYoppm-The-Bogeyman-in-Futures-Trading/#chart-view-comment-form
9520-ERROR-Error occured while putting the values in the database
9520-ERROR-Error in finding the data on the web page https://www.tradingview.com/symbols/BTCUSD/
9520-ERROR-Error occured while putting the values in the database
9520-ERROR-Error in finding the data on the web page https://www.tradingview.com/chart/BTCUSD/5tDqdrs7-TOKENS-RELATED-TO-FIFA-WORLD-CUP-2022/
9520-ERROR-Error occured while putting the values in the database
9520-ERROR-Error in finding the data on the web page https://www.tradingview.com/u/TheSignalyst/
9520-ERROR-Error occured while putting the values in the database
9520-ERROR-Error in finding the data on the web page https://www.tradingview.com/chart/BTCUSD/5tDqdrs7-TOKENS-RELATED-TO-FIFA-WORLD-CUP-2022/#chart-view-comment-form
9520-ERROR-Error occured while putting the values in the database
9520-ERROR-Error in finding the data on the web page https://www.tradingview.com/chart/ES1!/RYgvSb1F-Key-Support-Levels-For-E-mini-S-P-This-Week-ES1/
9520-ERROR-Error occured while putting the values in the database
9520-ERROR-Error in finding the data on the web page https://www.tradingview.com/ideas/editors-picks/
9520-ERROR-Error occured while putting the values in the database
9520-ERROR-Error in finding the data on the web page https://www.tradingview.com/chart/ES1!/RYgvSb1F-Key-Support-Levels-For-E-mini-S-P-This-Week-ES1/
9520-ERROR-Error occured while putting the values in the database
9520-ERROR-Error in finding the data on the web page https://www.tradingview.com/symbols/CME_MINI-ES1!/
9520-ERROR-Error occured while putting the values in the database
9520-ERROR-Error in finding the data on the web page https://www.tradingview.com/chart/ES1!/RYgvSb1F-Key-Support-Levels-For-E-mini-S-P-This-Week-ES1/#chart-view-comment-form
9520-ERROR-Error occured while putting the values in the database
9520-ERROR-Error in finding the data on the web page https://www.tradingview.com/chart/ES1!/RYgvSb1F-Key-Support-Levels-For-E-mini-S-P-This-Week-ES1/
9520-ERROR-Error occured while putting the values in the database
9520-ERROR-Error in finding the data on the web page https://www.tradingview.com/chart/QQQ/3Gp72Jde-NDX-QQQ-Broader-Picture-for-Nasdaq-100-in-Six-Charts/
9520-ERROR-Error occured while putting the values in the database
9520-ERROR-Error in finding the data on the web page https://www.tradingview.com/ideas/editors-picks/
9520-ERROR-Error occured while putting the values in the database
9520-ERROR-Error in finding the data on the web page https://www.tradingview.com/chart/QQQ/3Gp72Jde-NDX-QQQ-Broader-Picture-for-Nasdaq-100-in-Six-Charts/
9520-ERROR-Error occured while putting the values in the database
9520-ERROR-Error in finding the data on the web page https://www.tradingview.com/chart/QQQ/3Gp72Jde-NDX-QQQ-Broader-Picture-for-Nasdaq-100-in-Six-Charts/
9520-ERROR-Error occured while putting the values in the database
9520-ERROR-Error in finding the data on the web page https://www.tradingview.com/symbols/NASDAQ-QQQ/
9520-ERROR-Error occured while putting the values in the database
9520-ERROR-Error in finding the data on the web page https://www.tradingview.com/u/SquishTrade/
9520-ERROR-Error occured while putting the values in the database
9520-ERROR-Error in finding the data on the web page https://www.tradingview.com/chart/QQQ/3Gp72Jde-NDX-QQQ-Broader-Picture-for-Nasdaq-100-in-Six-Charts/#chart-view-comment-form
9520-ERROR-Error occured while putting the values in the database
9520-ERROR-Error in finding the data on the web page https://www.tradingview.com/chart/BRCORR/MQPt0thf-Corruption-Rank/
9520-ERROR-Error occured while putting the values in the database
9520-ERROR-Error in finding the data on the web page https://www.tradingview.com/chart/BRCORR/MQPt0thf-Corruption-Rank/
9520-ERROR-Error occured while putting the values in the database
9520-ERROR-Error in finding the data on the web page https://www.tradingview.com/ideas/editors-picks/
9520-ERROR-Error occured while putting the values in the database
9520-ERROR-Error in finding the data on the web page https://www.tradingview.com/u/anthonycrudele/
9520-ERROR-Error occured while putting the values in the database
9520-ERROR-Error in finding the data on the web page https://www.tradingview.com/symbols/ECONOMICS-BRCORR/
9520-ERROR-Error occured while putting the values in the database
9520-ERROR-Error in finding the data on the web page https://www.tradingview.com/chart/BRCORR/MQPt0thf-Corruption-Rank/#chart-view-comment-form
9520-ERROR-Error occured while putting the values in the database
9520-ERROR-Error in finding the data on the web page https://www.tradingview.com/chart/BRCORR/MQPt0thf-Corruption-Rank/
9520-ERROR-Error occured while putting the values in the database
9520-ERROR-Error in finding the data on the web page https://www.tradingview.com/u/andre_007/
9520-ERROR-Error occured while putting the values in the database
9520-ERROR-Error in finding the data on the web page https://www.tradingview.com/chart/EURUSD/Bf3nx63r-InvestMate-EUR-USD-Euro-is-growing-in-strength/
9520-ERROR-Error occured while putting the values in the database
9520-ERROR-Error in finding the data on the web page https://www.tradingview.com/symbols/EURUSD/
9520-ERROR-Error occured while putting the values in the database
9520-ERROR-Error in finding the data on the web page https://www.tradingview.com/ideas/editors-picks/
9520-ERROR-Error occured while putting the values in the database
9520-ERROR-Error in finding the data on the web page https://www.tradingview.com/chart/EURUSD/Bf3nx63r-InvestMate-EUR-USD-Euro-is-growing-in-strength/
9520-ERROR-Error occured while putting the values in the database
9520-ERROR-Error in finding the data on the web page https://www.tradingview.com/u/InvestMate/
9520-ERROR-Error occured while putting the values in the database
9520-ERROR-Error in finding the data on the web page https://www.tradingview.com/chart/EURUSD/Bf3nx63r-InvestMate-EUR-USD-Euro-is-growing-in-strength/
9520-ERROR-Error occured while putting the values in the database
9520-ERROR-Error in finding the data on the web page https://www.tradingview.com/chart/APTUSDT/9Q5YQmQm-Aptos-APT-price-review-without-rose-tinted-glasses/
9520-ERROR-Error occured while putting the values in the database
9520-ERROR-Error in finding the data on the web page https://www.tradingview.com/chart/EURUSD/Bf3nx63r-InvestMate-EUR-USD-Euro-is-growing-in-strength/#chart-view-comment-form
9520-ERROR-Error occured while putting the values in the database
9520-ERROR-Error in finding the data on the web page https://www.tradingview.com/chart/APTUSDT/9Q5YQmQm-Aptos-APT-price-review-without-rose-tinted-glasses/
9520-ERROR-Error occured while putting the values in the database
9520-ERROR-Error in finding the data on the web page https://www.tradingview.com/symbols/APTUSDT/
9520-ERROR-Error occured while putting the values in the database
9520-ERROR-Error in finding the data on the web page https://www.tradingview.com/chart/APTUSDT/9Q5YQmQm-Aptos-APT-price-review-without-rose-tinted-glasses/
9520-ERROR-Error occured while putting the values in the database
9520-ERROR-Error in finding the data on the web page https://www.tradingview.com/u/P_S_trade/
9520-ERROR-Error occured while putting the values in the database
9520-ERROR-Error in finding the data on the web page https://www.tradingview.com/chart/USDJPY/uFzlbIGu-USDJPY-What-goes-up-Must-come-down-Massive-Trading-Lesson/
9520-ERROR-Error occured while putting the values in the database
9520-ERROR-Error in finding the data on the web page https://www.tradingview.com/chart/APTUSDT/9Q5YQmQm-Aptos-APT-price-review-without-rose-tinted-glasses/#chart-view-comment-form
9520-ERROR-Error occured while putting the values in the database
9520-ERROR-Error in finding the data on the web page https://www.tradingview.com/ideas/editors-picks/
9520-ERROR-Error occured while putting the values in the database
9520-ERROR-Error in finding the data on the web page https://www.tradingview.com/chart/USDJPY/uFzlbIGu-USDJPY-What-goes-up-Must-come-down-Massive-Trading-Lesson/
9520-ERROR-Error occured while putting the values in the database
9520-ERROR-Error in finding the data on the web page https://www.tradingview.com/symbols/USDJPY/
9520-ERROR-Error occured while putting the values in the database
9520-ERROR-Error in finding the data on the web page https://www.tradingview.com/u/WillSebastian/
9520-ERROR-Error occured while putting the values in the database
9520-ERROR-Error in finding the data on the web page https://www.tradingview.com/chart/USDJPY/uFzlbIGu-USDJPY-What-goes-up-Must-come-down-Massive-Trading-Lesson/
9520-ERROR-Error occured while putting the values in the database
9520-ERROR-Error in finding the data on the web page https://www.tradingview.com/ideas/editors-picks/
9520-ERROR-Error occured while putting the values in the database
9520-ERROR-Error in finding the data on the web page https://www.tradingview.com/chart/USDJPY/uFzlbIGu-USDJPY-What-goes-up-Must-come-down-Massive-Trading-Lesson/#chart-view-comment-form
9520-ERROR-Error occured while putting the values in the database
9520-ERROR-Error in finding the data on the web page https://www.tradingview.com/ideas/editors-picks/
9520-ERROR-Error occured while putting the values in the database
9520-ERROR-Error in finding the data on the web page https://www.tradingview.com/key-events/
9520-ERROR-Error occured while putting the values in the database
9520-ERROR-Error in finding the data on the web page https://www.tradingview.com/symbols/TVC-DJI/history-timeline/#the-best-month-since-1976-2022-11-01
9520-ERROR-Error occured while putting the values in the database
9520-ERROR-Error in finding the data on the web page https://www.tradingview.com/key-events/
9520-ERROR-Error occured while putting the values in the database
9520-ERROR-Error in finding the data on the web page https://www.tradingview.com/key-events/
9520-ERROR-Error occured while putting the values in the database
9520-ERROR-Error in finding the data on the web page https://www.tradingview.com/symbols/NYSE-GME/history-timeline/#web3-gaming-goes-live-on-gamestop-2022-11-01
9520-ERROR-Error occured while putting the values in the database
9520-ERROR-Error in finding the data on the web page https://www.tradingview.com/symbols/ETHUSD/history-timeline/#the-changing-ethereum-ecosystem-2022-11-01
9520-ERROR-Error occured while putting the values in the database
9520-ERROR-Error in finding the data on the web page https://www.tradingview.com/symbols/TOTALDEFI/history-timeline/#hacktober-scaries-2022-11-01
9520-ERROR-Error occured while putting the values in the database
9520-ERROR-Error in finding the data on the web page https://www.tradingview.com/symbols/BNBUSD/history-timeline/#pledge-allegiance-to-the-chief-twit-2022-10-31
9520-ERROR-Error occured while putting the values in the database
9520-ERROR-Error in finding the data on the web page https://www.tradingview.com/symbols/HTUSD/history-timeline/#another-one-bites-the-dust-2022-11-01
9520-ERROR-Error occured while putting the values in the database
9520-ERROR-Error in finding the data on the web page https://www.tradingview.com/symbols/NYSE-OXY/history-timeline/#j-biddy-bums-out-oil-companies-2022-11-01
9520-ERROR-Error occured while putting the values in the database
9520-ERROR-Error in finding the data on the web page https://www.tradingview.com/symbols/NYSE-PINS/history-timeline/#a-pretty-q3-picture-2022-10-31
9520-ERROR-Error occured while putting the values in the database
9520-ERROR-Error in finding the data on the web page https://www.tradingview.com/symbols/TOTALDEFI/history-timeline/#no-bull-market-no-problem-2022-10-31
9520-ERROR-Error occured while putting the values in the database
9520-ERROR-Error in finding the data on the web page https://www.tradingview.com/symbols/CBOT-ZW1!/history-timeline/#grain-gains-2022-10-31
9520-ERROR-Error occured while putting the values in the database
9520-ERROR-Error in finding the data on the web page https://www.tradingview.com/symbols/NASDAQ-AMZN/history-timeline/#a-fall-from-grace-2022-10-28
9520-ERROR-Error occured while putting the values in the database
9520-ERROR-Error in finding the data on the web page https://www.tradingview.com/symbols/SPX/history-timeline/#inflation-is-still-too-high-2022-10-31
9520-ERROR-Error occured while putting the values in the database
9520-ERROR-Error in finding the data on the web page https://www.tradingview.com/key-events/
9520-ERROR-Error occured while putting the values in the database
9520-ERROR-Error in finding the data on the web page https://www.tradingview.com/news/
9520-ERROR-Error occured while putting the values in the database
9520-ERROR-Error in finding the data on the web page https://www.tradingview.com/news/
9520-ERROR-Error occured while putting the values in the database
9520-ERROR-Error in finding the data on the web page https://www.tradingview.com/sparks/entries/social-media-stocks-share-the-wealth/
9520-ERROR-Error occured while putting the values in the database
9520-ERROR-Error in finding the data on the web page https://www.tradingview.com/sparks/
9520-ERROR-Error occured while putting the values in the database
9520-ERROR-Error in finding the data on the web page https://www.tradingview.com/news/
9520-ERROR-Error occured while putting the values in the database
9520-ERROR-Error in finding the data on the web page https://www.tradingview.com/sparks/entries/elon-musk-stocks-musk-haves/
9520-ERROR-Error occured while putting the values in the database
9520-ERROR-Error in finding the data on the web page https://www.tradingview.com/sparks/entries/nft-exposure-stocks-fungible-gains/
9520-ERROR-Error occured while putting the values in the database
9520-ERROR-Error in finding the data on the web page https://www.tradingview.com/sparks/entries/real-estate-stocks-the-biggest-reits-on-the-market/
9520-ERROR-Error occured while putting the values in the database
9520-ERROR-Error in finding the data on the web page https://www.tradingview.com/sparks/entries/trucking-stocks-keep-on-truckin/
9520-ERROR-Error occured while putting the values in the database
9520-ERROR-Error in finding the data on the web page https://www.tradingview.com/sparks/entries/software-stocks-us-companies-at-our-finger-tips/
9520-ERROR-Error occured while putting the values in the database
9520-ERROR-Error in finding the data on the web page https://www.tradingview.com/sparks/entries/japanese-banking-stocks/
9520-ERROR-Error occured while putting the values in the database
9520-ERROR-Error in finding the data on the web page https://www.tradingview.com/sparks/entries/mlb-stocks-moneyball/
9520-ERROR-Error occured while putting the values in the database
9520-ERROR-Error in finding the data on the web page https://www.tradingview.com/sparks/entries/political-stocks-the-corridors-of-power/
9520-ERROR-Error occured while putting the values in the database
9520-ERROR-Error in finding the data on the web page https://www.tradingview.com/sparks/entries/worlds-oldest-companies-old-age-performers/
9520-ERROR-Error occured while putting the values in the database
9520-ERROR-Error in finding the data on the web page https://www.tradingview.com/sparks/
9520-ERROR-Error occured while putting the values in the database
9520-ERROR-Error in finding the data on the web page https://www.tradingview.com/symbols/NASDAQ-SOFI/
9520-ERROR-Error occured while putting the values in the database
9520-ERROR-Error in finding the data on the web page https://www.tradingview.com/symbols/NYSE-UBER/
9520-ERROR-Error occured while putting the values in the database
9520-ERROR-Error in finding the data on the web page https://www.tradingview.com/sparks/entries/bermuda-stocks-can-anyone-say-tax-haven/
9520-ERROR-Error occured while putting the values in the database
9520-ERROR-Error in finding the data on the web page https://www.tradingview.com/sparks/entries/legacy-stocks-keeping-it-in-the-family/
9520-ERROR-Error occured while putting the values in the database
9520-ERROR-Error in finding the data on the web page https://www.tradingview.com/symbols/NASDAQ-SONN/
9520-ERROR-Error occured while putting the values in the database
9520-ERROR-Error in finding the data on the web page https://www.tradingview.com/symbols/NASDAQ-ABNB/
9520-ERROR-Error occured while putting the values in the database
9520-ERROR-Error in finding the data on the web page https://www.tradingview.com/symbols/NYSE-PFE/
9520-ERROR-Error occured while putting the values in the database
9520-ERROR-Error in finding the data on the web page https://www.tradingview.com/symbols/NYSE-NIO/
9520-ERROR-Error occured while putting the values in the database
9520-ERROR-Error in finding the data on the web page https://www.tradingview.com/symbols/NASDAQ-TSLA/
9520-ERROR-Error occured while putting the values in the database
9520-ERROR-Error in finding the data on the web page https://www.tradingview.com/symbols/NASDAQ-AMZN/
9520-ERROR-Error occured while putting the values in the database
9520-ERROR-Error in finding the data on the web page https://www.tradingview.com/symbols/NYSE-BABA/
9520-ERROR-Error occured while putting the values in the database
9520-ERROR-Error in finding the data on the web page https://www.tradingview.com/markets/stocks-usa/market-movers-unusual-volume/
9520-ERROR-Error occured while putting the values in the database
9520-ERROR-Error in finding the data on the web page https://www.tradingview.com/markets/stocks-usa/market-movers-gainers/
9520-ERROR-Error occured while putting the values in the database
9520-ERROR-Error in finding the data on the web page https://www.tradingview.com/markets/stocks-usa/market-movers-losers/
9520-ERROR-Error occured while putting the values in the database
9520-ERROR-Error in finding the data on the web page https://www.tradingview.com/symbols/NASDAQ-GOOG/
9520-ERROR-Error occured while putting the values in the database
9520-ERROR-Error in finding the data on the web page https://www.tradingview.com/markets/stocks-usa/market-movers-active/
9520-ERROR-Error occured while putting the values in the database
9520-ERROR-Internal Server Error: /crawler/viper
Traceback (most recent call last):
  File "E:\Side Projects\Brean\venv\lib\site-packages\urllib3\connection.py", line 175, in _new_conn
    (self._dns_host, self.port), self.timeout, **extra_kw
  File "E:\Side Projects\Brean\venv\lib\site-packages\urllib3\util\connection.py", line 72, in create_connection
    for res in socket.getaddrinfo(host, port, family, socket.SOCK_STREAM):
  File "C:\Users\AC\AppData\Local\Programs\Python\Python37\lib\socket.py", line 748, in getaddrinfo
    for res in _socket.getaddrinfo(host, port, family, type, proto, flags):
socket.gaierror: [Errno 11001] getaddrinfo failed

During handling of the above exception, another exception occurred:

Traceback (most recent call last):
  File "E:\Side Projects\Brean\venv\lib\site-packages\urllib3\connectionpool.py", line 710, in urlopen
    chunked=chunked,
  File "E:\Side Projects\Brean\venv\lib\site-packages\urllib3\connectionpool.py", line 386, in _make_request
    self._validate_conn(conn)
  File "E:\Side Projects\Brean\venv\lib\site-packages\urllib3\connectionpool.py", line 1042, in _validate_conn
    conn.connect()
  File "E:\Side Projects\Brean\venv\lib\site-packages\urllib3\connection.py", line 358, in connect
    self.sock = conn = self._new_conn()
  File "E:\Side Projects\Brean\venv\lib\site-packages\urllib3\connection.py", line 187, in _new_conn
    self, "Failed to establish a new connection: %s" % e
urllib3.exceptions.NewConnectionError: <urllib3.connection.HTTPSConnection object at 0x000001A82445BDC8>: Failed to establish a new connection: [Errno 11001] getaddrinfo failed

During handling of the above exception, another exception occurred:

Traceback (most recent call last):
  File "E:\Side Projects\Brean\venv\lib\site-packages\requests\adapters.py", line 499, in send
    timeout=timeout,
  File "E:\Side Projects\Brean\venv\lib\site-packages\urllib3\connectionpool.py", line 788, in urlopen
    method, url, error=e, _pool=self, _stacktrace=sys.exc_info()[2]
  File "E:\Side Projects\Brean\venv\lib\site-packages\urllib3\util\retry.py", line 592, in increment
    raise MaxRetryError(_pool, url, error or ResponseError(cause))
urllib3.exceptions.MaxRetryError: HTTPSConnectionPool(host='www.tradingview.commarkets', port=443): Max retries exceeded with url: /cryptocurrencies/ (Caused by NewConnectionError('<urllib3.connection.HTTPSConnection object at 0x000001A82445BDC8>: Failed to establish a new connection: [Errno 11001] getaddrinfo failed'))

During handling of the above exception, another exception occurred:

Traceback (most recent call last):
  File "E:\Side Projects\Brean\venv\lib\site-packages\django\core\handlers\exception.py", line 47, in inner
    response = get_response(request)
  File "E:\Side Projects\Brean\venv\lib\site-packages\django\core\handlers\base.py", line 181, in _get_response
    response = wrapped_callback(request, *callback_args, **callback_kwargs)
  File "E:\Side Projects\Brean\venv\lib\site-packages\django\views\generic\base.py", line 63, in view
    self = cls(**initkwargs)
  File "E:\Side Projects\Brean\Crawler\views.py", line 18, in __init__
    self.engine()
  File "E:\Side Projects\Brean\Crawler\views.py", line 67, in engine
    self.parser()
  File "E:\Side Projects\Brean\Crawler\views.py", line 22, in parser
    page = requests.get(self.current_url)
  File "E:\Side Projects\Brean\venv\lib\site-packages\requests\api.py", line 73, in get
    return request("get", url, params=params, **kwargs)
  File "E:\Side Projects\Brean\venv\lib\site-packages\requests\api.py", line 59, in request
    return session.request(method=method, url=url, **kwargs)
  File "E:\Side Projects\Brean\venv\lib\site-packages\requests\sessions.py", line 587, in request
    resp = self.send(prep, **send_kwargs)
  File "E:\Side Projects\Brean\venv\lib\site-packages\requests\sessions.py", line 701, in send
    r = adapter.send(request, **kwargs)
  File "E:\Side Projects\Brean\venv\lib\site-packages\requests\adapters.py", line 565, in send
    raise ConnectionError(e, request=request)
requests.exceptions.ConnectionError: HTTPSConnectionPool(host='www.tradingview.commarkets', port=443): Max retries exceeded with url: /cryptocurrencies/ (Caused by NewConnectionError('<urllib3.connection.HTTPSConnection object at 0x000001A82445BDC8>: Failed to establish a new connection: [Errno 11001] getaddrinfo failed'))
9644-ERROR-Error in finding the data on the web page https://www.tradingview.com
9644-ERROR-Error in finding the data on the web page https://www.tradingview.com/chart/?symbol=NASDAQ%3ATSLA
9644-ERROR-Error in finding the data on the web page https://www.tradingview.com/chart/?symbol=NASDAQ%3AAAPL
9644-ERROR-Error in finding the data on the web page https://www.tradingview.com/features/
9644-ERROR-Error in finding the data on the web page https://www.tradingview.com/symbols/CME_MINI-ES1!/
2912-ERROR-Error occured while putting the values in the database
2912-ERROR-Error occured while putting the values in the database
2912-ERROR-Error occured while putting the values in the database
2912-ERROR-Error occured while putting the values in the database
2912-ERROR-Error occured while putting the values in the database
2912-ERROR-Error occured while putting the values in the database
2912-ERROR-Error occured while putting the values in the database
2912-ERROR-Error occured while putting the values in the database
2912-ERROR-Error occured while putting the values in the database
2912-ERROR-Error occured while putting the values in the database
2912-ERROR-Error occured while putting the values in the database
2912-ERROR-Error occured while putting the values in the database
10032-ERROR-Error in finding the data on the web page https://www.tradingview.com
10032-ERROR-Error occured while putting the values in the database
10032-ERROR-Error in finding the data on the web page https://www.tradingview.com/chart/?symbol=BITSTAMP%3ABTCUSD
10032-ERROR-Error occured while putting the values in the database
10032-ERROR-Error in finding the data on the web page https://www.tradingview.com
10032-ERROR-Error occured while putting the values in the database
10032-ERROR-Error in finding the data on the web page https://www.tradingview.com/features/
10032-ERROR-Error occured while putting the values in the database
10032-ERROR-Error in finding the data on the web page https://www.tradingview.com/markets/
10032-ERROR-Error occured while putting the values in the database
10032-ERROR-Error in finding the data on the web page https://www.tradingview.com/symbols/CME_MINI-ES1!/
10032-ERROR-Error occured while putting the values in the database
10032-ERROR-Error in finding the data on the web page https://www.tradingview.com/symbols/CME_MINI-NQ1!/
10032-ERROR-Error occured while putting the values in the database
10032-ERROR-Error in finding the data on the web page https://www.tradingview.com/chart/?symbol=NASDAQ%3AAAPL
10032-ERROR-Error occured while putting the values in the database
10032-ERROR-Error in finding the data on the web page https://www.tradingview.com/symbols/XBT/
10032-ERROR-Error occured while putting the values in the database
10032-ERROR-Error in finding the data on the web page https://www.tradingview.com/symbols/ICEUS-DX1!/
10032-ERROR-Error occured while putting the values in the database
10032-ERROR-Error in finding the data on the web page https://www.tradingview.com/symbols/NASDAQ-AAPL/
10032-ERROR-Error occured while putting the values in the database
10032-ERROR-Error in finding the data on the web page https://www.tradingview.com/symbols/CBOT_MINI-YM1!/
10032-ERROR-Error occured while putting the values in the database
10032-ERROR-Error in finding the data on the web page https://www.tradingview.com/symbols/CME_MINI-RTY1!/
10032-ERROR-Error occured while putting the values in the database
10032-ERROR-Error in finding the data on the web page https://www.tradingview.com/symbols/NASDAQ-AMD/
10032-ERROR-Error occured while putting the values in the database
10032-ERROR-Error in finding the data on the web page https://www.tradingview.com/symbols/NASDAQ-AMZN/
10032-ERROR-Error occured while putting the values in the database
10032-ERROR-Error in finding the data on the web page https://www.tradingview.com/symbols/NASDAQ-TSLA/
10032-ERROR-Error occured while putting the values in the database
10032-ERROR-Error in finding the data on the web page https://www.tradingview.com/symbols/NASDAQ-NFLX/
10032-ERROR-Error occured while putting the values in the database
10032-ERROR-Error in finding the data on the web page https://www.tradingview.com/symbols/NASDAQ-META/
10032-ERROR-Error occured while putting the values in the database
10032-ERROR-Error in finding the data on the web page https://www.tradingview.com/symbols/TOTAL/
10032-ERROR-Error occured while putting the values in the database
10032-ERROR-Error in finding the data on the web page https://www.tradingview.com/symbols/ETHUSD/
10032-ERROR-Error occured while putting the values in the database
10032-ERROR-Error in finding the data on the web page https://www.tradingview.com/symbols/SOLUSD/
10032-ERROR-Error occured while putting the values in the database
10032-ERROR-Error in finding the data on the web page https://www.tradingview.com/chart/?symbol=NASDAQ%3ATSLA
10032-ERROR-Error occured while putting the values in the database
10032-ERROR-Error in finding the data on the web page https://www.tradingview.com/symbols/UNIUSD/
10032-ERROR-Error occured while putting the values in the database
10032-ERROR-Error in finding the data on the web page https://www.tradingview.com/symbols/BTCUSD/
10032-ERROR-Error occured while putting the values in the database
10032-ERROR-Error in finding the data on the web page https://www.tradingview.com/symbols/EURUSD/
10032-ERROR-Error occured while putting the values in the database
10032-ERROR-Error in finding the data on the web page https://www.tradingview.com/symbols/GBPUSD/
10032-ERROR-Error occured while putting the values in the database
10032-ERROR-Error in finding the data on the web page https://www.tradingview.com/symbols/AUDUSD/
10032-ERROR-Error occured while putting the values in the database
10032-ERROR-Error in finding the data on the web page https://www.tradingview.com/symbols/LUNAUSD/
10032-ERROR-Error occured while putting the values in the database
10032-ERROR-Error in finding the data on the web page https://www.tradingview.com/symbols/USDCHF/
10032-ERROR-Error occured while putting the values in the database
10032-ERROR-Error in finding the data on the web page https://www.tradingview.com/symbols/USDJPY/
10032-ERROR-Error occured while putting the values in the database
10032-ERROR-Error in finding the data on the web page https://www.tradingview.com/symbols/COMEX-GC1!/
10032-ERROR-Error occured while putting the values in the database
10032-ERROR-Error in finding the data on the web page https://www.tradingview.com/symbols/USDCAD/
10032-ERROR-Error occured while putting the values in the database
10032-ERROR-Error in finding the data on the web page https://www.tradingview.com/symbols/NYMEX-NG1!/
10032-ERROR-Error occured while putting the values in the database
10032-ERROR-Error in finding the data on the web page https://www.tradingview.com/symbols/CBOT-ZC1!/
10032-ERROR-Error occured while putting the values in the database
10032-ERROR-Error in finding the data on the web page https://www.tradingview.com/symbols/COMEX-SI1!/
10032-ERROR-Error occured while putting the values in the database
10032-ERROR-Error in finding the data on the web page https://www.tradingview.com/symbols/CME-BTC1!/
10032-ERROR-Error occured while putting the values in the database
10032-ERROR-Error in finding the data on the web page https://www.tradingview.com/symbols/TVC-EU10Y/
10032-ERROR-Error occured while putting the values in the database
10032-ERROR-Error in finding the data on the web page https://www.tradingview.com/symbols/TVC-DE10Y/
10032-ERROR-Error occured while putting the values in the database
10032-ERROR-Error in finding the data on the web page https://www.tradingview.com/symbols/NYMEX-CL1!/
10032-ERROR-Error occured while putting the values in the database
10032-ERROR-Error in finding the data on the web page https://www.tradingview.com/symbols/TVC-GB10Y/
10032-ERROR-Error occured while putting the values in the database
10032-ERROR-Error in finding the data on the web page https://www.tradingview.com/symbols/TVC-JP10Y/
10032-ERROR-Error occured while putting the values in the database
10032-ERROR-Error in finding the data on the web page https://www.tradingview.com/symbols/TVC-US10Y/
10032-ERROR-Error occured while putting the values in the database
10032-ERROR-Error in finding the data on the web page https://www.tradingview.com/chart/?symbol=CME_MINI%3AES1!
10032-ERROR-Error occured while putting the values in the database
10032-ERROR-Error in finding the data on the web page https://www.tradingview.com/ideas/
10032-ERROR-Error occured while putting the values in the database
10032-ERROR-Error in finding the data on the web page https://www.tradingview.com/chart/NQ1!/SRlZFeeu-Another-low-in-play-for-Nasdaq/
10032-ERROR-Error occured while putting the values in the database
10032-ERROR-Error in finding the data on the web page https://www.tradingview.com/ideas/editors-picks/
10032-ERROR-Error occured while putting the values in the database
10032-ERROR-Error in finding the data on the web page https://www.tradingview.com/symbols/TVC-IN10Y/
10032-ERROR-Error occured while putting the values in the database
10032-ERROR-Error in finding the data on the web page https://www.tradingview.com/symbols/CME_MINI-NQ1!/
10032-ERROR-Error occured while putting the values in the database
10032-ERROR-Error in finding the data on the web page https://www.tradingview.com/chart/NQ1!/SRlZFeeu-Another-low-in-play-for-Nasdaq/
10032-ERROR-Error occured while putting the values in the database
10032-ERROR-Error in finding the data on the web page https://www.tradingview.com/chart/NQ1!/SRlZFeeu-Another-low-in-play-for-Nasdaq/
10032-ERROR-Error occured while putting the values in the database
10032-ERROR-Error in finding the data on the web page https://www.tradingview.com/u/inspirante/
10032-ERROR-Error occured while putting the values in the database
10032-ERROR-Error in finding the data on the web page https://www.tradingview.com/chart/NQ1!/SRlZFeeu-Another-low-in-play-for-Nasdaq/#chart-view-comment-form
10032-ERROR-Error occured while putting the values in the database
10032-ERROR-Error in finding the data on the web page https://www.tradingview.com/chart/BAMLC0A0CM/OGVZUHOw-Corporate-Credit-Conditions-Part-1/
10032-ERROR-Error occured while putting the values in the database
10032-ERROR-Error in finding the data on the web page https://www.tradingview.com/chart/BAMLC0A0CM/OGVZUHOw-Corporate-Credit-Conditions-Part-1/
10032-ERROR-Error occured while putting the values in the database
10032-ERROR-Error in finding the data on the web page https://www.tradingview.com/symbols/FRED-BAMLC0A0CM/
10032-ERROR-Error occured while putting the values in the database
10032-ERROR-Error in finding the data on the web page https://www.tradingview.com/ideas/editors-picks/
10032-ERROR-Error occured while putting the values in the database
10032-ERROR-Error in finding the data on the web page https://www.tradingview.com/u/CMT_Association/
10032-ERROR-Error occured while putting the values in the database
10032-ERROR-Error in finding the data on the web page https://www.tradingview.com/chart/BAMLC0A0CM/OGVZUHOw-Corporate-Credit-Conditions-Part-1/
10032-ERROR-Error occured while putting the values in the database
10032-ERROR-Error in finding the data on the web page https://www.tradingview.com/chart/BAMLC0A0CM/OGVZUHOw-Corporate-Credit-Conditions-Part-1/#chart-view-comment-form
10032-ERROR-Error occured while putting the values in the database
10032-ERROR-Error in finding the data on the web page https://www.tradingview.com/chart/NG1!/DJdYoppm-The-Bogeyman-in-Futures-Trading/
10032-ERROR-Error occured while putting the values in the database
10032-ERROR-Error in finding the data on the web page https://www.tradingview.com/chart/NG1!/DJdYoppm-The-Bogeyman-in-Futures-Trading/
10032-ERROR-Error occured while putting the values in the database
10032-ERROR-Error in finding the data on the web page https://www.tradingview.com/u/JimHuangChicago/
10032-ERROR-Error occured while putting the values in the database
10032-ERROR-Error in finding the data on the web page https://www.tradingview.com/ideas/editors-picks/
10032-ERROR-Error occured while putting the values in the database
10032-ERROR-Error in finding the data on the web page https://www.tradingview.com/chart/BTCUSD/5tDqdrs7-TOKENS-RELATED-TO-FIFA-WORLD-CUP-2022/
10032-ERROR-Error occured while putting the values in the database
10032-ERROR-Error in finding the data on the web page https://www.tradingview.com/chart/BTCUSD/5tDqdrs7-TOKENS-RELATED-TO-FIFA-WORLD-CUP-2022/
10032-ERROR-Error occured while putting the values in the database
10032-ERROR-Error in finding the data on the web page https://www.tradingview.com/chart/NG1!/DJdYoppm-The-Bogeyman-in-Futures-Trading/
10032-ERROR-Error occured while putting the values in the database
10032-ERROR-Error in finding the data on the web page https://www.tradingview.com/symbols/NYMEX-NG1!/
10032-ERROR-Error occured while putting the values in the database
10032-ERROR-Error in finding the data on the web page https://www.tradingview.com/symbols/BTCUSD/
10032-ERROR-Error occured while putting the values in the database
10032-ERROR-Error in finding the data on the web page https://www.tradingview.com/chart/BTCUSD/5tDqdrs7-TOKENS-RELATED-TO-FIFA-WORLD-CUP-2022/
10032-ERROR-Error occured while putting the values in the database
10032-ERROR-Error in finding the data on the web page https://www.tradingview.com/chart/NG1!/DJdYoppm-The-Bogeyman-in-Futures-Trading/#chart-view-comment-form
10032-ERROR-Error occured while putting the values in the database
10032-ERROR-Error in finding the data on the web page https://www.tradingview.com/chart/BTCUSD/5tDqdrs7-TOKENS-RELATED-TO-FIFA-WORLD-CUP-2022/#chart-view-comment-form
10032-ERROR-Error occured while putting the values in the database
10032-ERROR-Error in finding the data on the web page https://www.tradingview.com/chart/ES1!/RYgvSb1F-Key-Support-Levels-For-E-mini-S-P-This-Week-ES1/
10032-ERROR-Error occured while putting the values in the database
10032-ERROR-Error in finding the data on the web page https://www.tradingview.com/ideas/editors-picks/
10032-ERROR-Error occured while putting the values in the database
10032-ERROR-Error in finding the data on the web page https://www.tradingview.com/chart/ES1!/RYgvSb1F-Key-Support-Levels-For-E-mini-S-P-This-Week-ES1/
10032-ERROR-Error occured while putting the values in the database
10032-ERROR-Error in finding the data on the web page https://www.tradingview.com/symbols/CME_MINI-ES1!/
10032-ERROR-Error occured while putting the values in the database
10032-ERROR-Error in finding the data on the web page https://www.tradingview.com/ideas/editors-picks/
10032-ERROR-Error occured while putting the values in the database
10032-ERROR-Error in finding the data on the web page https://www.tradingview.com/u/TheSignalyst/
10032-ERROR-Error occured while putting the values in the database
10032-ERROR-Error in finding the data on the web page https://www.tradingview.com/chart/ES1!/RYgvSb1F-Key-Support-Levels-For-E-mini-S-P-This-Week-ES1/#chart-view-comment-form
10032-ERROR-Error occured while putting the values in the database
10032-ERROR-Error in finding the data on the web page https://www.tradingview.com/u/anthonycrudele/
10032-ERROR-Error occured while putting the values in the database
10032-ERROR-Error in finding the data on the web page https://www.tradingview.com/ideas/editors-picks/
10032-ERROR-Error occured while putting the values in the database
10032-ERROR-Error in finding the data on the web page https://www.tradingview.com/chart/QQQ/3Gp72Jde-NDX-QQQ-Broader-Picture-for-Nasdaq-100-in-Six-Charts/
10032-ERROR-Error occured while putting the values in the database
10032-ERROR-Error in finding the data on the web page https://www.tradingview.com/chart/ES1!/RYgvSb1F-Key-Support-Levels-For-E-mini-S-P-This-Week-ES1/
10032-ERROR-Error occured while putting the values in the database
10032-ERROR-Error in finding the data on the web page https://www.tradingview.com/chart/QQQ/3Gp72Jde-NDX-QQQ-Broader-Picture-for-Nasdaq-100-in-Six-Charts/
10032-ERROR-Error occured while putting the values in the database
10032-ERROR-Error in finding the data on the web page https://www.tradingview.com/symbols/NASDAQ-QQQ/
10032-ERROR-Error occured while putting the values in the database
10032-ERROR-Error in finding the data on the web page https://www.tradingview.com/u/SquishTrade/
10032-ERROR-Error occured while putting the values in the database
10032-ERROR-Error in finding the data on the web page https://www.tradingview.com/chart/BRCORR/MQPt0thf-Corruption-Rank/
10032-ERROR-Error occured while putting the values in the database
10032-ERROR-Error in finding the data on the web page https://www.tradingview.com/chart/QQQ/3Gp72Jde-NDX-QQQ-Broader-Picture-for-Nasdaq-100-in-Six-Charts/#chart-view-comment-form
10032-ERROR-Error occured while putting the values in the database
10032-ERROR-Error in finding the data on the web page https://www.tradingview.com/ideas/editors-picks/
10032-ERROR-Error occured while putting the values in the database
10032-ERROR-Error in finding the data on the web page https://www.tradingview.com/symbols/ECONOMICS-BRCORR/
10032-ERROR-Error occured while putting the values in the database
10032-ERROR-Error in finding the data on the web page https://www.tradingview.com/chart/BRCORR/MQPt0thf-Corruption-Rank/
10032-ERROR-Error occured while putting the values in the database
10032-ERROR-Error in finding the data on the web page https://www.tradingview.com/chart/QQQ/3Gp72Jde-NDX-QQQ-Broader-Picture-for-Nasdaq-100-in-Six-Charts/
10032-ERROR-Error occured while putting the values in the database
10032-ERROR-Error in finding the data on the web page https://www.tradingview.com/u/andre_007/
10032-ERROR-Error occured while putting the values in the database
10032-ERROR-Error in finding the data on the web page https://www.tradingview.com/chart/EURUSD/Bf3nx63r-InvestMate-EUR-USD-Euro-is-growing-in-strength/
10032-ERROR-Error occured while putting the values in the database
10032-ERROR-Error in finding the data on the web page https://www.tradingview.com/chart/BRCORR/MQPt0thf-Corruption-Rank/
10032-ERROR-Error occured while putting the values in the database
10032-ERROR-Error in finding the data on the web page https://www.tradingview.com/chart/BRCORR/MQPt0thf-Corruption-Rank/#chart-view-comment-form
10032-ERROR-Error occured while putting the values in the database
10032-ERROR-Error in finding the data on the web page https://www.tradingview.com/chart/EURUSD/Bf3nx63r-InvestMate-EUR-USD-Euro-is-growing-in-strength/
10032-ERROR-Error occured while putting the values in the database
10032-ERROR-Error in finding the data on the web page https://www.tradingview.com/ideas/editors-picks/
10032-ERROR-Error occured while putting the values in the database
10032-ERROR-Error in finding the data on the web page https://www.tradingview.com/chart/EURUSD/Bf3nx63r-InvestMate-EUR-USD-Euro-is-growing-in-strength/
10032-ERROR-Error occured while putting the values in the database
10032-ERROR-Error in finding the data on the web page https://www.tradingview.com/u/InvestMate/
10032-ERROR-Error occured while putting the values in the database
10032-ERROR-Error in finding the data on the web page https://www.tradingview.com/symbols/EURUSD/
10032-ERROR-Error occured while putting the values in the database
10032-ERROR-Error in finding the data on the web page https://www.tradingview.com/chart/EURUSD/Bf3nx63r-InvestMate-EUR-USD-Euro-is-growing-in-strength/#chart-view-comment-form
10032-ERROR-Error occured while putting the values in the database
10032-ERROR-Error in finding the data on the web page https://www.tradingview.com/chart/APTUSDT/9Q5YQmQm-Aptos-APT-price-review-without-rose-tinted-glasses/
10032-ERROR-Error occured while putting the values in the database
10032-ERROR-Error in finding the data on the web page https://www.tradingview.com/ideas/editors-picks/
10032-ERROR-Error occured while putting the values in the database
10032-ERROR-Error in finding the data on the web page https://www.tradingview.com/chart/APTUSDT/9Q5YQmQm-Aptos-APT-price-review-without-rose-tinted-glasses/
10032-ERROR-Error occured while putting the values in the database
6528-ERROR-Error in finding the data on the web page https://www.tradingview.com
6528-ERROR-Error occured while putting the values in the database
6528-ERROR-Internal Server Error: /crawler/viper
Traceback (most recent call last):
  File "E:\Side Projects\Brean\venv\lib\site-packages\django\core\handlers\exception.py", line 47, in inner
    response = get_response(request)
  File "E:\Side Projects\Brean\venv\lib\site-packages\django\core\handlers\base.py", line 181, in _get_response
    response = wrapped_callback(request, *callback_args, **callback_kwargs)
  File "E:\Side Projects\Brean\venv\lib\site-packages\django\views\generic\base.py", line 63, in view
    self = cls(**initkwargs)
  File "E:\Side Projects\Brean\Crawler\views.py", line 18, in __init__
    self.engine()
  File "E:\Side Projects\Brean\Crawler\views.py", line 75, in engine
    print(f"1 Link crawled with title {title} {meta_description} {keyword}")
NameError: name 'keyword' is not defined
6528-INFO-E:\Side Projects\Brean\Crawler\views.py changed, reloading.
7752-ERROR-Error in finding the data on the web page https://www.tradingview.com
7752-ERROR-Error occured while putting the values in the database
7752-ERROR-Internal Server Error: /crawler/viper
Traceback (most recent call last):
  File "E:\Side Projects\Brean\venv\lib\site-packages\django\core\handlers\exception.py", line 47, in inner
    response = get_response(request)
  File "E:\Side Projects\Brean\venv\lib\site-packages\django\core\handlers\base.py", line 181, in _get_response
    response = wrapped_callback(request, *callback_args, **callback_kwargs)
  File "E:\Side Projects\Brean\venv\lib\site-packages\django\views\generic\base.py", line 63, in view
    self = cls(**initkwargs)
  File "E:\Side Projects\Brean\Crawler\views.py", line 18, in __init__
    self.engine()
  File "E:\Side Projects\Brean\Crawler\views.py", line 75, in engine
    print(f"1 Link crawled with title {title} {meta_description} {keyword}")
NameError: name 'keyword' is not defined
7752-INFO-E:\Side Projects\Brean\Crawler\views.py changed, reloading.
9016-INFO-E:\Side Projects\Brean\Crawler\views.py changed, reloading.
9656-INFO-E:\Side Projects\Brean\Crawler\views.py changed, reloading.
9576-ERROR-Error occured while putting the values in the database
9576-ERROR-Error occured while putting the values in the database
9576-ERROR-Error occured while putting the values in the database
9576-ERROR-Error occured while putting the values in the database
9576-ERROR-Error occured while putting the values in the database
9576-ERROR-Error occured while putting the values in the database
9576-ERROR-Error occured while putting the values in the database
9576-ERROR-Error occured while putting the values in the database
9576-ERROR-Error occured while putting the values in the database
9576-ERROR-Error occured while putting the values in the database
9576-ERROR-Error occured while putting the values in the database
9576-ERROR-Error occured while putting the values in the database
9576-ERROR-Error occured while putting the values in the database
9576-ERROR-Error occured while putting the values in the database
9576-ERROR-Error occured while putting the values in the database
9576-ERROR-Error occured while putting the values in the database
9576-ERROR-Error occured while putting the values in the database
9576-ERROR-Error occured while putting the values in the database
9576-ERROR-Error occured while putting the values in the database
964-INFO-E:\Side Projects\Brean\Crawler\models.py changed, reloading.
3416-ERROR-Error occured while putting the values in the database
3416-ERROR-Error occured while putting the values in the database
3416-ERROR-Error occured while putting the values in the database
3416-ERROR-Error occured while putting the values in the database
3416-ERROR-Error occured while putting the values in the database
3416-ERROR-Error occured while putting the values in the database
3416-ERROR-Error occured while putting the values in the database
3416-ERROR-Error occured while putting the values in the database
3416-ERROR-Error occured while putting the values in the database
3416-ERROR-Error occured while putting the values in the database
3416-ERROR-Error occured while putting the values in the database
3416-ERROR-Error occured while putting the values in the database
3416-ERROR-Error occured while putting the values in the database
3416-ERROR-Error occured while putting the values in the database
3416-ERROR-Error occured while putting the values in the database
3416-ERROR-Error occured while putting the values in the database
3416-ERROR-Error occured while putting the values in the database
3416-ERROR-Error occured while putting the values in the database
3416-ERROR-Error occured while putting the values in the database
3416-ERROR-Error occured while putting the values in the database
3416-ERROR-Error occured while putting the values in the database
3416-ERROR-Error occured while putting the values in the database
3416-ERROR-Error occured while putting the values in the database
3416-ERROR-Error occured while putting the values in the database
3416-ERROR-Error occured while putting the values in the database
3416-ERROR-Error occured while putting the values in the database
3416-ERROR-Error occured while putting the values in the database
3416-ERROR-Error occured while putting the values in the database
3416-ERROR-Error occured while putting the values in the database
3416-ERROR-Error occured while putting the values in the database
3416-ERROR-Error occured while putting the values in the database
3416-ERROR-Error occured while putting the values in the database
3416-ERROR-Error occured while putting the values in the database
3416-ERROR-Error occured while putting the values in the database
5872-INFO-E:\Side Projects\Brean\Crawler\views.py changed, reloading.
12404-ERROR-Internal Server Error: /crawler/viper
Traceback (most recent call last):
  File "E:\Side Projects\Brean\venv\lib\site-packages\urllib3\connection.py", line 175, in _new_conn
    (self._dns_host, self.port), self.timeout, **extra_kw
  File "E:\Side Projects\Brean\venv\lib\site-packages\urllib3\util\connection.py", line 72, in create_connection
    for res in socket.getaddrinfo(host, port, family, socket.SOCK_STREAM):
  File "C:\Users\AC\AppData\Local\Programs\Python\Python37\lib\socket.py", line 748, in getaddrinfo
    for res in _socket.getaddrinfo(host, port, family, type, proto, flags):
socket.gaierror: [Errno 11001] getaddrinfo failed

During handling of the above exception, another exception occurred:

Traceback (most recent call last):
  File "E:\Side Projects\Brean\venv\lib\site-packages\urllib3\connectionpool.py", line 710, in urlopen
    chunked=chunked,
  File "E:\Side Projects\Brean\venv\lib\site-packages\urllib3\connectionpool.py", line 386, in _make_request
    self._validate_conn(conn)
  File "E:\Side Projects\Brean\venv\lib\site-packages\urllib3\connectionpool.py", line 1042, in _validate_conn
    conn.connect()
  File "E:\Side Projects\Brean\venv\lib\site-packages\urllib3\connection.py", line 358, in connect
    self.sock = conn = self._new_conn()
  File "E:\Side Projects\Brean\venv\lib\site-packages\urllib3\connection.py", line 187, in _new_conn
    self, "Failed to establish a new connection: %s" % e
urllib3.exceptions.NewConnectionError: <urllib3.connection.HTTPSConnection object at 0x000001ECB7BD4D48>: Failed to establish a new connection: [Errno 11001] getaddrinfo failed

During handling of the above exception, another exception occurred:

Traceback (most recent call last):
  File "E:\Side Projects\Brean\venv\lib\site-packages\requests\adapters.py", line 499, in send
    timeout=timeout,
  File "E:\Side Projects\Brean\venv\lib\site-packages\urllib3\connectionpool.py", line 788, in urlopen
    method, url, error=e, _pool=self, _stacktrace=sys.exc_info()[2]
  File "E:\Side Projects\Brean\venv\lib\site-packages\urllib3\util\retry.py", line 592, in increment
    raise MaxRetryError(_pool, url, error or ResponseError(cause))
urllib3.exceptions.MaxRetryError: HTTPSConnectionPool(host='www.tradingview.commarkets', port=443): Max retries exceeded with url: /cryptocurrencies/ (Caused by NewConnectionError('<urllib3.connection.HTTPSConnection object at 0x000001ECB7BD4D48>: Failed to establish a new connection: [Errno 11001] getaddrinfo failed'))

During handling of the above exception, another exception occurred:

Traceback (most recent call last):
  File "E:\Side Projects\Brean\venv\lib\site-packages\django\core\handlers\exception.py", line 47, in inner
    response = get_response(request)
  File "E:\Side Projects\Brean\venv\lib\site-packages\django\core\handlers\base.py", line 181, in _get_response
    response = wrapped_callback(request, *callback_args, **callback_kwargs)
  File "E:\Side Projects\Brean\venv\lib\site-packages\django\views\generic\base.py", line 63, in view
    self = cls(**initkwargs)
  File "E:\Side Projects\Brean\Crawler\views.py", line 18, in __init__
    self.engine()
  File "E:\Side Projects\Brean\Crawler\views.py", line 80, in engine
    self.parser()
  File "E:\Side Projects\Brean\Crawler\views.py", line 22, in parser
    page = requests.get(self.current_url)
  File "E:\Side Projects\Brean\venv\lib\site-packages\requests\api.py", line 73, in get
    return request("get", url, params=params, **kwargs)
  File "E:\Side Projects\Brean\venv\lib\site-packages\requests\api.py", line 59, in request
    return session.request(method=method, url=url, **kwargs)
  File "E:\Side Projects\Brean\venv\lib\site-packages\requests\sessions.py", line 587, in request
    resp = self.send(prep, **send_kwargs)
  File "E:\Side Projects\Brean\venv\lib\site-packages\requests\sessions.py", line 701, in send
    r = adapter.send(request, **kwargs)
  File "E:\Side Projects\Brean\venv\lib\site-packages\requests\adapters.py", line 565, in send
    raise ConnectionError(e, request=request)
requests.exceptions.ConnectionError: HTTPSConnectionPool(host='www.tradingview.commarkets', port=443): Max retries exceeded with url: /cryptocurrencies/ (Caused by NewConnectionError('<urllib3.connection.HTTPSConnection object at 0x000001ECB7BD4D48>: Failed to establish a new connection: [Errno 11001] getaddrinfo failed'))
12404-INFO-E:\Side Projects\Brean\Crawler\models.py changed, reloading.
